2009-05-02 01:38:23 Error: Fatal Error (256): Test case model/\\grupo.test.php cannot be found in [CORE\cake\tests\lib\test_manager.php, line 107]
2009-05-02 01:38:31 Error: Fatal Error (256): Test case model/grupo.test.php cannot be found in [CORE\cake\tests\lib\test_manager.php, line 107]
2009-05-02 01:38:49 Error: Fatal Error (256): Test case model\\grupo.test.php cannot be found in [CORE\cake\tests\lib\test_manager.php, line 107]
2009-05-05 20:09:19 Warning: Warning (2): Cannot modify header information - headers already sent by (output started at C:\xampp\cake12\cake\basics.php:303) in [CORE\cake\libs\controller\controller.php, line 587]
2009-05-05 20:09:36 Warning: Warning (2): Cannot modify header information - headers already sent by (output started at C:\xampp\htdocs\helpdesksystem\app_controller.php:96) in [CORE\cake\libs\controller\controller.php, line 587]
2009-05-05 20:10:15 Warning: Warning (2): Cannot modify header information - headers already sent by (output started at C:\xampp\cake12\cake\basics.php:303) in [CORE\cake\libs\controller\controller.php, line 587]
2009-05-05 20:11:15 Warning: Warning (2): Cannot modify header information - headers already sent by (output started at C:\xampp\cake12\cake\basics.php:303) in [CORE\cake\libs\controller\controller.php, line 587]
2009-05-05 20:11:45 Warning: Warning (2): Cannot modify header information - headers already sent by (output started at C:\xampp\cake12\cake\basics.php:303) in [CORE\cake\libs\controller\controller.php, line 587]
2009-05-05 20:12:30 Warning: Warning (2): Cannot modify header information - headers already sent by (output started at C:\xampp\cake12\cake\basics.php:303) in [CORE\cake\libs\controller\controller.php, line 587]
2009-05-05 21:57:09 Warning: Warning (512): Controller::paginate() - can't find model chamados in controller ChamadosController in [CORE\cake\libs\controller\controller.php, line 912]
2009-05-05 21:57:36 Warning: Warning (512): Controller::paginate() - can't find model chamado in controller ChamadosController in [CORE\cake\libs\controller\controller.php, line 912]
2009-05-06 19:41:33 Warning: Warning (512): <span style = "color:Red;text-align:left"><b>SQL Error:</b> 1064: You have an error in your SQL syntax; check the manual that corresponds to your MySQL server version for the right syntax to use near 'ASC' at line 1</span> in [CORE\cake\libs\model\datasources\dbo_source.php, line 521]
2009-05-06 19:43:07 Warning: Warning (512): <span style = "color:Red;text-align:left"><b>SQL Error:</b> 1064: You have an error in your SQL syntax; check the manual that corresponds to your MySQL server version for the right syntax to use near 'ASC' at line 1</span> in [CORE\cake\libs\model\datasources\dbo_source.php, line 521]
2009-05-06 19:43:18 Warning: Warning (512): <span style = "color:Red;text-align:left"><b>SQL Error:</b> 1064: You have an error in your SQL syntax; check the manual that corresponds to your MySQL server version for the right syntax to use near 'ASC' at line 1</span> in [CORE\cake\libs\model\datasources\dbo_source.php, line 521]
2009-05-06 19:46:34 Warning: Warning (512): <span style = "color:Red;text-align:left"><b>SQL Error:</b> 1064: You have an error in your SQL syntax; check the manual that corresponds to your MySQL server version for the right syntax to use near 'ASC' at line 1</span> in [CORE\cake\libs\model\datasources\dbo_source.php, line 521]
2009-05-06 19:46:44 Warning: Warning (512): <span style = "color:Red;text-align:left"><b>SQL Error:</b> 1064: You have an error in your SQL syntax; check the manual that corresponds to your MySQL server version for the right syntax to use near 'ASC' at line 1</span> in [CORE\cake\libs\model\datasources\dbo_source.php, line 521]
2009-05-06 19:48:39 Warning: Warning (512): <span style = "color:Red;text-align:left"><b>SQL Error:</b> 1054: Unknown column 'Problema.setor_idASC' in 'where clause'</span> in [CORE\cake\libs\model\datasources\dbo_source.php, line 521]
2009-05-06 19:49:52 Warning: Warning (512): <span style = "color:Red;text-align:left"><b>SQL Error:</b> 1054: Unknown column 'Problema.setor_idASC' in 'where clause'</span> in [CORE\cake\libs\model\datasources\dbo_source.php, line 521]
2009-05-06 21:55:19 Warning: Warning (512): <span style = "color:Red;text-align:left"><b>SQL Error:</b> 1054: Unknown column 'Problema.setor_id' in 'where clause'</span> in [CORE\cake\libs\model\datasources\dbo_source.php, line 521]
2009-05-07 00:28:57 Warning: Warning (512): <span style = "color:Red;text-align:left"><b>SQL Error:</b> 1054: Unknown column 'Problema.setor_id' in 'where clause'</span> in [CORE\cake\libs\model\datasources\dbo_source.php, line 521]
2009-05-07 00:29:08 Warning: Warning (512): <span style = "color:Red;text-align:left"><b>SQL Error:</b> 1054: Unknown column 'Problema.setor_id' in 'where clause'</span> in [CORE\cake\libs\model\datasources\dbo_source.php, line 521]
2009-05-07 00:30:01 Warning: Warning (512): <span style = "color:Red;text-align:left"><b>SQL Error:</b> 1054: Unknown column 'Problema.setor_id' in 'where clause'</span> in [CORE\cake\libs\model\datasources\dbo_source.php, line 521]
2009-05-07 00:31:25 Warning: Warning (512): <span style = "color:Red;text-align:left"><b>SQL Error:</b> 1054: Unknown column 'Problema.setor_id' in 'where clause'</span> in [CORE\cake\libs\model\datasources\dbo_source.php, line 521]
2009-05-07 00:31:45 Warning: Warning (512): <span style = "color:Red;text-align:left"><b>SQL Error:</b> 1054: Unknown column 'Problema.setor_id' in 'where clause'</span> in [CORE\cake\libs\model\datasources\dbo_source.php, line 521]
2009-05-07 00:32:05 Warning: Warning (512): <span style = "color:Red;text-align:left"><b>SQL Error:</b> 1054: Unknown column 'Problema.setor_id' in 'where clause'</span> in [CORE\cake\libs\model\datasources\dbo_source.php, line 521]
2009-05-07 00:33:07 Warning: Warning (512): <span style = "color:Red;text-align:left"><b>SQL Error:</b> 1054: Unknown column 'Problema.setor_id' in 'where clause'</span> in [CORE\cake\libs\model\datasources\dbo_source.php, line 521]
2009-05-07 00:34:15 Warning: Warning (512): <span style = "color:Red;text-align:left"><b>SQL Error:</b> 1054: Unknown column 'Problema.setor_id' in 'where clause'</span> in [CORE\cake\libs\model\datasources\dbo_source.php, line 521]
2009-05-07 00:34:31 Warning: Warning (512): <span style = "color:Red;text-align:left"><b>SQL Error:</b> 1054: Unknown column 'Problema.setor_id' in 'where clause'</span> in [CORE\cake\libs\model\datasources\dbo_source.php, line 521]
2009-05-07 00:34:37 Warning: Warning (512): <span style = "color:Red;text-align:left"><b>SQL Error:</b> 1054: Unknown column 'Problema.setor_id' in 'where clause'</span> in [CORE\cake\libs\model\datasources\dbo_source.php, line 521]
2009-05-07 00:35:40 Warning: Warning (512): <span style = "color:Red;text-align:left"><b>SQL Error:</b> 1054: Unknown column 'Problema.setor_id' in 'where clause'</span> in [CORE\cake\libs\model\datasources\dbo_source.php, line 521]
2009-05-07 00:37:18 Warning: Warning (512): <span style = "color:Red;text-align:left"><b>SQL Error:</b> 1054: Unknown column 'Problema.setor_id' in 'where clause'</span> in [CORE\cake\libs\model\datasources\dbo_source.php, line 521]
2009-05-07 00:43:18 Warning: Warning (512): <span style = "color:Red;text-align:left"><b>SQL Error:</b> 1054: Unknown column 'Problema.setor_id' in 'where clause'</span> in [CORE\cake\libs\model\datasources\dbo_source.php, line 521]
2009-05-07 00:47:42 Warning: Warning (512): <span style = "color:Red;text-align:left"><b>SQL Error:</b> 1054: Unknown column 'Problema.setor_id' in 'where clause'</span> in [CORE\cake\libs\model\datasources\dbo_source.php, line 521]
2009-05-07 00:50:04 Warning: Warning (512): <span style = "color:Red;text-align:left"><b>SQL Error:</b> 1054: Unknown column 'Problema.setor_id' in 'where clause'</span> in [CORE\cake\libs\model\datasources\dbo_source.php, line 521]
2009-05-07 20:11:03 Warning: Warning (512): <span style = "color:Red;text-align:left"><b>SQL Error:</b> 1062: Duplicate entry 'admin' for key 'matricula'</span> in [CORE\cake\libs\model\datasources\dbo_source.php, line 521]
2009-05-07 20:12:02 Warning: Warning (512): <span style = "color:Red;text-align:left"><b>SQL Error:</b> 1062: Duplicate entry 'admin' for key 'matricula'</span> in [CORE\cake\libs\model\datasources\dbo_source.php, line 521]
2009-05-07 20:21:35 Warning: Warning (2): Cannot modify header information - headers already sent by (output started at C:\xampp\cake12\cake\basics.php:303) in [CORE\cake\libs\controller\controller.php, line 587]
2009-05-08 00:44:15 Warning: Warning (512): <span style = "color:Red;text-align:left"><b>SQL Error:</b> 1062: Duplicate entry 'admin' for key 'matricula'</span> in [CORE\cake\libs\model\datasources\dbo_source.php, line 521]
2009-05-08 00:46:02 Warning: Warning (512): <span style = "color:Red;text-align:left"><b>SQL Error:</b> 1062: Duplicate entry 'admin' for key 'matricula'</span> in [CORE\cake\libs\model\datasources\dbo_source.php, line 521]
2009-05-08 00:48:48 Warning: Warning (512): <span style = "color:Red;text-align:left"><b>SQL Error:</b> 1062: Duplicate entry 'admin' for key 'matricula'</span> in [CORE\cake\libs\model\datasources\dbo_source.php, line 521]
2009-05-08 00:57:38 Warning: Warning (512): <span style = "color:Red;text-align:left"><b>SQL Error:</b> 1062: Duplicate entry 'admin' for key 'matricula'</span> in [CORE\cake\libs\model\datasources\dbo_source.php, line 521]
2009-05-08 02:04:00 Warning: Warning (2): Missing argument 1 for AjaxHelper::remoteFunction(), called in C:\xampp\htdocs\helpdesksystem\views\chamados\abrir_chamado.ctp on line 39 and defined in [CORE\cake\libs\view\helpers\ajax.php, line 215]
2009-05-08 02:04:00 Warning: Warning (2): array_intersect_key() [<a href='http://php.net/function.array-intersect-key'>function.array-intersect-key</a>]: Argument #1 is not an array in [CORE\cake\libs\view\helpers\ajax.php, line 680]
2009-05-08 02:04:00 Warning: Warning (2): array_merge() [<a href='http://php.net/function.array-merge'>function.array-merge</a>]: Argument #2 is not an array in [CORE\cake\libs\view\helpers\ajax.php, line 680]
2009-05-08 02:04:00 Warning: Warning (2): Invalid argument supplied for foreach() in [CORE\cake\libs\view\helpers\ajax.php, line 682]
2009-05-08 03:07:01 Warning: Warning (512): <span style = "color:Red;text-align:left"><b>SQL Error:</b> 1452: Cannot add or update a child row: a foreign key constraint fails (`banco_helpdesk`.`chamados`, CONSTRAINT `fk_chamados.usuario_id` FOREIGN KEY (`usuario_id`) REFERENCES `usuarios` (`id`))</span> in [CORE\cake\libs\model\datasources\dbo_source.php, line 521]
2009-05-08 03:08:22 Warning: Warning (512): <span style = "color:Red;text-align:left"><b>SQL Error:</b> 1452: Cannot add or update a child row: a foreign key constraint fails (`banco_helpdesk`.`chamados`, CONSTRAINT `fk_chamados.usuario_id` FOREIGN KEY (`usuario_id`) REFERENCES `usuarios` (`id`))</span> in [CORE\cake\libs\model\datasources\dbo_source.php, line 521]
