2009-05-02 01:38:23 Error: Fatal Error (256): Test case model/\\grupo.test.php cannot be found in [CORE\cake\tests\lib\test_manager.php, line 107]
2009-05-02 01:38:31 Error: Fatal Error (256): Test case model/grupo.test.php cannot be found in [CORE\cake\tests\lib\test_manager.php, line 107]
2009-05-02 01:38:49 Error: Fatal Error (256): Test case model\\grupo.test.php cannot be found in [CORE\cake\tests\lib\test_manager.php, line 107]
2009-05-05 20:09:19 Warning: Warning (2): Cannot modify header information - headers already sent by (output started at C:\xampp\cake12\cake\basics.php:303) in [CORE\cake\libs\controller\controller.php, line 587]
2009-05-05 20:09:36 Warning: Warning (2): Cannot modify header information - headers already sent by (output started at C:\xampp\htdocs\helpdesksystem\app_controller.php:96) in [CORE\cake\libs\controller\controller.php, line 587]
2009-05-05 20:10:15 Warning: Warning (2): Cannot modify header information - headers already sent by (output started at C:\xampp\cake12\cake\basics.php:303) in [CORE\cake\libs\controller\controller.php, line 587]
2009-05-05 20:11:15 Warning: Warning (2): Cannot modify header information - headers already sent by (output started at C:\xampp\cake12\cake\basics.php:303) in [CORE\cake\libs\controller\controller.php, line 587]
2009-05-05 20:11:45 Warning: Warning (2): Cannot modify header information - headers already sent by (output started at C:\xampp\cake12\cake\basics.php:303) in [CORE\cake\libs\controller\controller.php, line 587]
2009-05-05 20:12:30 Warning: Warning (2): Cannot modify header information - headers already sent by (output started at C:\xampp\cake12\cake\basics.php:303) in [CORE\cake\libs\controller\controller.php, line 587]
2009-05-05 21:57:09 Warning: Warning (512): Controller::paginate() - can't find model chamados in controller ChamadosController in [CORE\cake\libs\controller\controller.php, line 912]
2009-05-05 21:57:36 Warning: Warning (512): Controller::paginate() - can't find model chamado in controller ChamadosController in [CORE\cake\libs\controller\controller.php, line 912]
2009-05-06 19:41:33 Warning: Warning (512): <span style = "color:Red;text-align:left"><b>SQL Error:</b> 1064: You have an error in your SQL syntax; check the manual that corresponds to your MySQL server version for the right syntax to use near 'ASC' at line 1</span> in [CORE\cake\libs\model\datasources\dbo_source.php, line 521]
2009-05-06 19:43:07 Warning: Warning (512): <span style = "color:Red;text-align:left"><b>SQL Error:</b> 1064: You have an error in your SQL syntax; check the manual that corresponds to your MySQL server version for the right syntax to use near 'ASC' at line 1</span> in [CORE\cake\libs\model\datasources\dbo_source.php, line 521]
2009-05-06 19:43:18 Warning: Warning (512): <span style = "color:Red;text-align:left"><b>SQL Error:</b> 1064: You have an error in your SQL syntax; check the manual that corresponds to your MySQL server version for the right syntax to use near 'ASC' at line 1</span> in [CORE\cake\libs\model\datasources\dbo_source.php, line 521]
2009-05-06 19:46:34 Warning: Warning (512): <span style = "color:Red;text-align:left"><b>SQL Error:</b> 1064: You have an error in your SQL syntax; check the manual that corresponds to your MySQL server version for the right syntax to use near 'ASC' at line 1</span> in [CORE\cake\libs\model\datasources\dbo_source.php, line 521]
2009-05-06 19:46:44 Warning: Warning (512): <span style = "color:Red;text-align:left"><b>SQL Error:</b> 1064: You have an error in your SQL syntax; check the manual that corresponds to your MySQL server version for the right syntax to use near 'ASC' at line 1</span> in [CORE\cake\libs\model\datasources\dbo_source.php, line 521]
2009-05-06 19:48:39 Warning: Warning (512): <span style = "color:Red;text-align:left"><b>SQL Error:</b> 1054: Unknown column 'Problema.setor_idASC' in 'where clause'</span> in [CORE\cake\libs\model\datasources\dbo_source.php, line 521]
2009-05-06 19:49:52 Warning: Warning (512): <span style = "color:Red;text-align:left"><b>SQL Error:</b> 1054: Unknown column 'Problema.setor_idASC' in 'where clause'</span> in [CORE\cake\libs\model\datasources\dbo_source.php, line 521]
2009-05-06 21:55:19 Warning: Warning (512): <span style = "color:Red;text-align:left"><b>SQL Error:</b> 1054: Unknown column 'Problema.setor_id' in 'where clause'</span> in [CORE\cake\libs\model\datasources\dbo_source.php, line 521]
2009-05-07 00:28:57 Warning: Warning (512): <span style = "color:Red;text-align:left"><b>SQL Error:</b> 1054: Unknown column 'Problema.setor_id' in 'where clause'</span> in [CORE\cake\libs\model\datasources\dbo_source.php, line 521]
2009-05-07 00:29:08 Warning: Warning (512): <span style = "color:Red;text-align:left"><b>SQL Error:</b> 1054: Unknown column 'Problema.setor_id' in 'where clause'</span> in [CORE\cake\libs\model\datasources\dbo_source.php, line 521]
2009-05-07 00:30:01 Warning: Warning (512): <span style = "color:Red;text-align:left"><b>SQL Error:</b> 1054: Unknown column 'Problema.setor_id' in 'where clause'</span> in [CORE\cake\libs\model\datasources\dbo_source.php, line 521]
2009-05-07 00:31:25 Warning: Warning (512): <span style = "color:Red;text-align:left"><b>SQL Error:</b> 1054: Unknown column 'Problema.setor_id' in 'where clause'</span> in [CORE\cake\libs\model\datasources\dbo_source.php, line 521]
2009-05-07 00:31:45 Warning: Warning (512): <span style = "color:Red;text-align:left"><b>SQL Error:</b> 1054: Unknown column 'Problema.setor_id' in 'where clause'</span> in [CORE\cake\libs\model\datasources\dbo_source.php, line 521]
2009-05-07 00:32:05 Warning: Warning (512): <span style = "color:Red;text-align:left"><b>SQL Error:</b> 1054: Unknown column 'Problema.setor_id' in 'where clause'</span> in [CORE\cake\libs\model\datasources\dbo_source.php, line 521]
2009-05-07 00:33:07 Warning: Warning (512): <span style = "color:Red;text-align:left"><b>SQL Error:</b> 1054: Unknown column 'Problema.setor_id' in 'where clause'</span> in [CORE\cake\libs\model\datasources\dbo_source.php, line 521]
2009-05-07 00:34:15 Warning: Warning (512): <span style = "color:Red;text-align:left"><b>SQL Error:</b> 1054: Unknown column 'Problema.setor_id' in 'where clause'</span> in [CORE\cake\libs\model\datasources\dbo_source.php, line 521]
2009-05-07 00:34:31 Warning: Warning (512): <span style = "color:Red;text-align:left"><b>SQL Error:</b> 1054: Unknown column 'Problema.setor_id' in 'where clause'</span> in [CORE\cake\libs\model\datasources\dbo_source.php, line 521]
2009-05-07 00:34:37 Warning: Warning (512): <span style = "color:Red;text-align:left"><b>SQL Error:</b> 1054: Unknown column 'Problema.setor_id' in 'where clause'</span> in [CORE\cake\libs\model\datasources\dbo_source.php, line 521]
2009-05-07 00:35:40 Warning: Warning (512): <span style = "color:Red;text-align:left"><b>SQL Error:</b> 1054: Unknown column 'Problema.setor_id' in 'where clause'</span> in [CORE\cake\libs\model\datasources\dbo_source.php, line 521]
2009-05-07 00:37:18 Warning: Warning (512): <span style = "color:Red;text-align:left"><b>SQL Error:</b> 1054: Unknown column 'Problema.setor_id' in 'where clause'</span> in [CORE\cake\libs\model\datasources\dbo_source.php, line 521]
2009-05-07 00:43:18 Warning: Warning (512): <span style = "color:Red;text-align:left"><b>SQL Error:</b> 1054: Unknown column 'Problema.setor_id' in 'where clause'</span> in [CORE\cake\libs\model\datasources\dbo_source.php, line 521]
2009-05-07 00:47:42 Warning: Warning (512): <span style = "color:Red;text-align:left"><b>SQL Error:</b> 1054: Unknown column 'Problema.setor_id' in 'where clause'</span> in [CORE\cake\libs\model\datasources\dbo_source.php, line 521]
2009-05-07 00:50:04 Warning: Warning (512): <span style = "color:Red;text-align:left"><b>SQL Error:</b> 1054: Unknown column 'Problema.setor_id' in 'where clause'</span> in [CORE\cake\libs\model\datasources\dbo_source.php, line 521]
2009-05-07 20:11:03 Warning: Warning (512): <span style = "color:Red;text-align:left"><b>SQL Error:</b> 1062: Duplicate entry 'admin' for key 'matricula'</span> in [CORE\cake\libs\model\datasources\dbo_source.php, line 521]
2009-05-07 20:12:02 Warning: Warning (512): <span style = "color:Red;text-align:left"><b>SQL Error:</b> 1062: Duplicate entry 'admin' for key 'matricula'</span> in [CORE\cake\libs\model\datasources\dbo_source.php, line 521]
2009-05-07 20:21:35 Warning: Warning (2): Cannot modify header information - headers already sent by (output started at C:\xampp\cake12\cake\basics.php:303) in [CORE\cake\libs\controller\controller.php, line 587]
2009-05-08 00:44:15 Warning: Warning (512): <span style = "color:Red;text-align:left"><b>SQL Error:</b> 1062: Duplicate entry 'admin' for key 'matricula'</span> in [CORE\cake\libs\model\datasources\dbo_source.php, line 521]
2009-05-08 00:46:02 Warning: Warning (512): <span style = "color:Red;text-align:left"><b>SQL Error:</b> 1062: Duplicate entry 'admin' for key 'matricula'</span> in [CORE\cake\libs\model\datasources\dbo_source.php, line 521]
2009-05-08 00:48:48 Warning: Warning (512): <span style = "color:Red;text-align:left"><b>SQL Error:</b> 1062: Duplicate entry 'admin' for key 'matricula'</span> in [CORE\cake\libs\model\datasources\dbo_source.php, line 521]
2009-05-08 00:57:38 Warning: Warning (512): <span style = "color:Red;text-align:left"><b>SQL Error:</b> 1062: Duplicate entry 'admin' for key 'matricula'</span> in [CORE\cake\libs\model\datasources\dbo_source.php, line 521]
2009-05-08 02:04:00 Warning: Warning (2): Missing argument 1 for AjaxHelper::remoteFunction(), called in C:\xampp\htdocs\helpdesksystem\views\chamados\abrir_chamado.ctp on line 39 and defined in [CORE\cake\libs\view\helpers\ajax.php, line 215]
2009-05-08 02:04:00 Warning: Warning (2): array_intersect_key() [<a href='http://php.net/function.array-intersect-key'>function.array-intersect-key</a>]: Argument #1 is not an array in [CORE\cake\libs\view\helpers\ajax.php, line 680]
2009-05-08 02:04:00 Warning: Warning (2): array_merge() [<a href='http://php.net/function.array-merge'>function.array-merge</a>]: Argument #2 is not an array in [CORE\cake\libs\view\helpers\ajax.php, line 680]
2009-05-08 02:04:00 Warning: Warning (2): Invalid argument supplied for foreach() in [CORE\cake\libs\view\helpers\ajax.php, line 682]
2009-05-08 03:07:01 Warning: Warning (512): <span style = "color:Red;text-align:left"><b>SQL Error:</b> 1452: Cannot add or update a child row: a foreign key constraint fails (`banco_helpdesk`.`chamados`, CONSTRAINT `fk_chamados.usuario_id` FOREIGN KEY (`usuario_id`) REFERENCES `usuarios` (`id`))</span> in [CORE\cake\libs\model\datasources\dbo_source.php, line 521]
2009-05-08 03:08:22 Warning: Warning (512): <span style = "color:Red;text-align:left"><b>SQL Error:</b> 1452: Cannot add or update a child row: a foreign key constraint fails (`banco_helpdesk`.`chamados`, CONSTRAINT `fk_chamados.usuario_id` FOREIGN KEY (`usuario_id`) REFERENCES `usuarios` (`id`))</span> in [CORE\cake\libs\model\datasources\dbo_source.php, line 521]
2009-05-30 14:52:00 Warning: Warning (2): unlink(/var/www/helpdesk/tmp/cache/persistent/cake_core_core_paths) [<a href='http://php.net/function.unlink'>function.unlink</a>]: No such file or directory in [CORE/cake/libs/file.php, line 279]
2009-05-30 14:52:02 Warning: Warning (2): Cannot modify header information - headers already sent by (output started at /var/www/cake12/cake/basics.php:111) in [CORE/cake/libs/controller/controller.php, line 587]
2009-05-30 14:53:20 Warning: Warning (512): <span style = "color:Red;text-align:left"><b>SQL Error:</b> 1054: Unknown column 'Chamado.usuario_id' in 'where clause'</span> in [CORE/cake/libs/model/datasources/dbo_source.php, line 521]
2009-05-30 14:53:20 Warning: Warning (2): Division by zero in [CORE/cake/libs/controller/controller.php, line 1004]
2009-05-30 14:53:20 Warning: Warning (2): Invalid argument supplied for foreach() in [APP/views/vw_chamados/meus_chamados.ctp, line 43]
2009-05-30 14:53:21 Warning: Warning (512): <span style = "color:Red;text-align:left"><b>SQL Error:</b> 1054: Unknown column 'Chamado.usuario_id' in 'where clause'</span> in [CORE/cake/libs/model/datasources/dbo_source.php, line 521]
2009-05-30 14:53:21 Warning: Warning (2): Division by zero in [CORE/cake/libs/controller/controller.php, line 1004]
2009-05-30 14:53:21 Warning: Warning (2): Invalid argument supplied for foreach() in [APP/views/vw_chamados/meus_chamados.ctp, line 43]
2009-05-30 14:59:32 Warning: Warning (512): <span style = "color:Red;text-align:left"><b>SQL Error:</b> 1054: Unknown column 'Chamado.status_id' in 'where clause'</span> in [CORE/cake/libs/model/datasources/dbo_source.php, line 521]
2009-05-30 14:59:32 Warning: Warning (2): Division by zero in [CORE/cake/libs/controller/controller.php, line 1004]
2009-05-30 14:59:32 Warning: Warning (2): Invalid argument supplied for foreach() in [APP/views/vw_chamados/meus_chamados.ctp, line 43]
2009-05-30 14:59:47 Warning: Warning (512): <span style = "color:Red;text-align:left"><b>SQL Error:</b> 1054: Unknown column 'Chamado.status_id' in 'where clause'</span> in [CORE/cake/libs/model/datasources/dbo_source.php, line 521]
2009-05-30 14:59:47 Warning: Warning (2): Division by zero in [CORE/cake/libs/controller/controller.php, line 1004]
2009-05-30 14:59:47 Warning: Warning (2): Invalid argument supplied for foreach() in [APP/views/vw_chamados/meus_chamados.ctp, line 43]
2009-05-30 14:59:48 Warning: Warning (512): <span style = "color:Red;text-align:left"><b>SQL Error:</b> 1054: Unknown column 'Chamado.status_id' in 'where clause'</span> in [CORE/cake/libs/model/datasources/dbo_source.php, line 521]
2009-05-30 14:59:48 Warning: Warning (2): Division by zero in [CORE/cake/libs/controller/controller.php, line 1004]
2009-05-30 14:59:48 Warning: Warning (2): Invalid argument supplied for foreach() in [APP/views/vw_chamados/meus_chamados.ctp, line 43]
2009-05-30 15:00:39 Warning: Warning (2): Division by zero in [CORE/cake/libs/controller/controller.php, line 1004]
2009-05-30 15:03:23 Warning: Warning (2): Division by zero in [CORE/cake/libs/controller/controller.php, line 1004]
2009-05-30 15:03:23 Warning: Warning (512): <span style = "color:Red;text-align:left"><b>SQL Error:</b> 1064: You have an error in your SQL syntax; check the manual that corresponds to your MySQL server version for the right syntax to use near 'home' at line 1</span> in [CORE/cake/libs/model/datasources/dbo_source.php, line 521]
2009-05-30 15:03:23 Warning: Warning (2): Invalid argument supplied for foreach() in [APP/views/vw_chamados/meus_chamados.ctp, line 43]
2009-05-30 15:05:11 Warning: Warning (2): Division by zero in [CORE/cake/libs/controller/controller.php, line 1004]
2009-05-30 15:05:45 Warning: Warning (2): Division by zero in [CORE/cake/libs/controller/controller.php, line 1004]
2009-05-30 15:07:46 Warning: Warning (2): Division by zero in [CORE/cake/libs/controller/controller.php, line 1004]
2009-05-30 15:09:23 Warning: Warning (2): Division by zero in [CORE/cake/libs/controller/controller.php, line 1004]
2009-05-30 15:09:34 Warning: Warning (2): Division by zero in [CORE/cake/libs/controller/controller.php, line 1004]
2009-05-30 15:09:51 Warning: Warning (2): Division by zero in [CORE/cake/libs/controller/controller.php, line 1004]
2009-05-30 15:11:02 Warning: Warning (2): Division by zero in [CORE/cake/libs/controller/controller.php, line 1004]
2009-05-30 15:11:12 Warning: Warning (2): Division by zero in [CORE/cake/libs/controller/controller.php, line 1004]
2009-05-30 15:11:40 Warning: Warning (2): Division by zero in [CORE/cake/libs/controller/controller.php, line 1004]
2009-05-30 15:11:48 Warning: Warning (2): Division by zero in [CORE/cake/libs/controller/controller.php, line 1004]
2009-05-30 15:12:02 Warning: Warning (2): Division by zero in [CORE/cake/libs/controller/controller.php, line 1004]
2009-05-30 15:14:06 Warning: Warning (2): Division by zero in [CORE/cake/libs/controller/controller.php, line 1004]
2009-05-30 15:16:50 Warning: Warning (2): Division by zero in [CORE/cake/libs/controller/controller.php, line 1004]
2009-05-30 15:17:17 Warning: Warning (2): Division by zero in [CORE/cake/libs/controller/controller.php, line 1004]
2009-05-30 15:17:56 Warning: Warning (2): Division by zero in [CORE/cake/libs/controller/controller.php, line 1004]
2009-05-30 15:18:57 Warning: Warning (2): Division by zero in [CORE/cake/libs/controller/controller.php, line 1004]
2009-05-30 15:18:58 Warning: Warning (2): Division by zero in [CORE/cake/libs/controller/controller.php, line 1004]
2009-05-30 15:27:35 Warning: Warning (2): Division by zero in [CORE/cake/libs/controller/controller.php, line 1004]
2009-05-30 15:29:51 Warning: Warning (2): Cannot modify header information - headers already sent by (output started at /var/www/cake12/cake/basics.php:111) in [CORE/cake/libs/controller/controller.php, line 587]
2009-05-30 15:31:34 Warning: Warning (2): Cannot modify header information - headers already sent by (output started at /var/www/cake12/cake/basics.php:111) in [CORE/cake/libs/controller/controller.php, line 587]
2009-05-30 15:31:38 Warning: Warning (2): Cannot modify header information - headers already sent by (output started at /var/www/cake12/cake/basics.php:111) in [CORE/cake/libs/controller/controller.php, line 587]
2009-05-30 15:31:40 Warning: Warning (2): Cannot modify header information - headers already sent by (output started at /var/www/cake12/cake/basics.php:111) in [CORE/cake/libs/controller/controller.php, line 587]
2009-05-30 15:31:50 Warning: Warning (2): Cannot modify header information - headers already sent by (output started at /var/www/cake12/cake/basics.php:111) in [CORE/cake/libs/controller/controller.php, line 587]
2009-05-30 15:32:34 Warning: Warning (2): Cannot modify header information - headers already sent by (output started at /var/www/cake12/cake/basics.php:111) in [CORE/cake/libs/controller/controller.php, line 587]
2009-05-30 15:32:34 Warning: Warning (2): Cannot modify header information - headers already sent by (output started at /var/www/cake12/cake/basics.php:111) in [CORE/cake/libs/controller/controller.php, line 587]
2009-05-30 15:32:36 Warning: Warning (2): Cannot modify header information - headers already sent by (output started at /var/www/cake12/cake/basics.php:111) in [CORE/cake/libs/controller/controller.php, line 587]
2009-05-30 15:33:54 Warning: Warning (2): Cannot modify header information - headers already sent by (output started at /var/www/cake12/cake/basics.php:111) in [CORE/cake/libs/controller/controller.php, line 587]
2009-05-30 15:34:58 Warning: Warning (2): Cannot modify header information - headers already sent by (output started at /var/www/cake12/cake/basics.php:111) in [CORE/cake/libs/controller/controller.php, line 587]
2009-05-30 15:37:06 Warning: Warning (2): Cannot modify header information - headers already sent by (output started at /var/www/cake12/cake/basics.php:111) in [CORE/cake/libs/controller/controller.php, line 587]
2009-05-30 17:43:14 Warning: Warning (2): Cannot modify header information - headers already sent by (output started at /var/www/cake12/cake/basics.php:111) in [CORE/cake/libs/controller/controller.php, line 587]
2009-05-30 17:43:50 Warning: Warning (2): Cannot modify header information - headers already sent by (output started at /var/www/cake12/cake/basics.php:111) in [CORE/cake/libs/controller/controller.php, line 587]
2009-05-30 17:54:22 Warning: Warning (2): Cannot modify header information - headers already sent by (output started at /var/www/cake12/cake/basics.php:303) in [CORE/cake/libs/controller/controller.php, line 587]
2009-05-30 17:57:50 Warning: Warning (2): Cannot modify header information - headers already sent by (output started at /var/www/cake12/cake/basics.php:303) in [CORE/cake/libs/controller/controller.php, line 587]
2009-05-30 18:51:47 Warning: Warning (2): Invalid argument supplied for foreach() in [APP/views/vw_chamados/meus_chamados.ctp, line 43]
2009-05-30 18:53:37 Warning: Warning (2): Invalid argument supplied for foreach() in [APP/views/vw_chamados/meus_chamados.ctp, line 33]
2009-05-31 20:27:11 Warning: Warning (512): <span style = "color:Red;text-align:left"><b>SQL Error:</b> 1054: Unknown column 'VwChamado.id' in 'field list'</span> in [CORE/cake/libs/model/datasources/dbo_source.php, line 525]
2009-05-31 20:27:11 Warning: Warning (2): Invalid argument supplied for foreach() in [APP/views/vw_chamados/meus_chamados.ctp, line 31]
2009-05-31 20:27:27 Warning: Warning (512): <span style = "color:Red;text-align:left"><b>SQL Error:</b> 1054: Unknown column 'VwChamado.id' in 'field list'</span> in [CORE/cake/libs/model/datasources/dbo_source.php, line 525]
2009-05-31 20:27:27 Warning: Warning (2): Invalid argument supplied for foreach() in [APP/views/vw_chamados/meus_chamados.ctp, line 31]
2009-05-31 20:41:55 Warning: Warning (512): <span style = "color:Red;text-align:left"><b>SQL Error:</b> 1054: Unknown column 'VwChamado.id' in 'field list'</span> in [CORE/cake/libs/model/datasources/dbo_source.php, line 525]
2009-05-31 20:41:55 Warning: Warning (2): Invalid argument supplied for foreach() in [APP/views/vw_chamados/meus_chamados.ctp, line 31]
2009-05-31 20:42:11 Warning: Warning (512): <span style = "color:Red;text-align:left"><b>SQL Error:</b> 1054: Unknown column 'VwChamado.id' in 'field list'</span> in [CORE/cake/libs/model/datasources/dbo_source.php, line 525]
2009-05-31 20:42:11 Warning: Warning (2): Invalid argument supplied for foreach() in [APP/views/vw_chamados/meus_chamados.ctp, line 31]
2009-05-31 20:43:10 Warning: Warning (512): <span style = "color:Red;text-align:left"><b>SQL Error:</b> 1054: Unknown column 'VwChamado.id' in 'field list'</span> in [CORE/cake/libs/model/datasources/dbo_source.php, line 525]
2009-05-31 20:43:10 Warning: Warning (2): Invalid argument supplied for foreach() in [APP/views/vw_chamados/meus_chamados.ctp, line 31]
2009-05-31 20:43:30 Warning: Warning (512): <span style = "color:Red;text-align:left"><b>SQL Error:</b> 1054: Unknown column 'VwChamado.id' in 'field list'</span> in [CORE/cake/libs/model/datasources/dbo_source.php, line 525]
2009-05-31 20:43:31 Warning: Warning (2): Invalid argument supplied for foreach() in [APP/views/vw_chamados/meus_chamados.ctp, line 31]
2009-05-31 20:43:42 Warning: Warning (512): <span style = "color:Red;text-align:left"><b>SQL Error:</b> 1054: Unknown column 'VwChamado.id' in 'field list'</span> in [CORE/cake/libs/model/datasources/dbo_source.php, line 525]
2009-05-31 20:43:42 Warning: Warning (2): Invalid argument supplied for foreach() in [APP/views/vw_chamados/meus_chamados.ctp, line 31]
2009-05-31 20:49:26 Warning: Warning (512): <span style = "color:Red;text-align:left"><b>SQL Error:</b> 1054: Unknown column 'VwChamado.id' in 'field list'</span> in [CORE/cake/libs/model/datasources/dbo_source.php, line 525]
2009-05-31 20:49:26 Warning: Warning (2): Invalid argument supplied for foreach() in [APP/views/vw_chamados/meus_chamados.ctp, line 31]
2009-05-31 20:49:51 Warning: Warning (512): <span style = "color:Red;text-align:left"><b>SQL Error:</b> 1054: Unknown column 'VwChamado.id' in 'field list'</span> in [CORE/cake/libs/model/datasources/dbo_source.php, line 525]
2009-05-31 20:49:51 Warning: Warning (2): Invalid argument supplied for foreach() in [APP/views/vw_chamados/meus_chamados.ctp, line 31]
2009-05-31 20:51:08 Warning: Warning (512): <span style = "color:Red;text-align:left"><b>SQL Error:</b> 1054: Unknown column 'VwChamado.id' in 'field list'</span> in [CORE/cake/libs/model/datasources/dbo_source.php, line 525]
2009-05-31 20:51:08 Warning: Warning (2): Invalid argument supplied for foreach() in [APP/views/vw_chamados/meus_chamados.ctp, line 31]
2009-05-31 20:52:13 Warning: Warning (512): <span style = "color:Red;text-align:left"><b>SQL Error:</b> 1054: Unknown column 'VwChamado.id' in 'field list'</span> in [CORE/cake/libs/model/datasources/dbo_source.php, line 525]
2009-05-31 20:52:45 Warning: Warning (2): Invalid argument supplied for foreach() in [APP/views/vw_chamados/meus_chamados.ctp, line 31]
2009-05-31 21:21:28 Warning: Warning (2): Division by zero in [APP/views/vw_chamados/chamados_abertos.ctp, line 42]
2009-05-31 21:22:55 Warning: Warning (2): Division by zero in [APP/views/vw_chamados/chamados_abertos.ctp, line 42]
2009-05-31 21:23:01 Warning: Warning (2): Division by zero in [APP/views/vw_chamados/chamados_abertos.ctp, line 42]
2009-05-31 21:23:27 Warning: Warning (2): Division by zero in [APP/views/vw_chamados/chamados_abertos.ctp, line 42]
2009-05-31 21:24:15 Warning: Warning (2): Division by zero in [APP/views/vw_chamados/chamados_abertos.ctp, line 42]
2009-05-31 21:24:35 Warning: Warning (2): Division by zero in [APP/views/vw_chamados/chamados_abertos.ctp, line 42]
2009-05-31 21:28:56 Warning: Warning (2): Division by zero in [APP/views/vw_chamados/chamados_abertos.ctp, line 42]
2009-05-31 21:36:10 Warning: Warning (2): Division by zero in [APP/views/vw_chamados/chamados_abertos.ctp, line 44]
2009-05-31 21:39:45 Warning: Warning (2): Division by zero in [APP/views/vw_chamados/chamados_abertos.ctp, line 53]
2009-05-31 21:40:52 Warning: Warning (2): Division by zero in [APP/views/vw_chamados/chamados_abertos.ctp, line 56]
2009-05-31 21:41:46 Warning: Warning (2): Division by zero in [APP/views/vw_chamados/chamados_abertos.ctp, line 56]
2009-05-31 21:41:54 Warning: Warning (2): Division by zero in [APP/views/vw_chamados/chamados_abertos.ctp, line 56]
2009-05-31 21:42:35 Warning: Warning (2): Division by zero in [APP/views/vw_chamados/chamados_abertos.ctp, line 56]
2009-05-31 21:43:05 Warning: Warning (2): Division by zero in [APP/views/vw_chamados/chamados_abertos.ctp, line 56]
2009-06-01 03:31:10 Warning: Warning (512): <span style = "color:Red;text-align:left"><b>SQL Error:</b> 1054: Unknown column 'VwChamado.id' in 'field list'</span> in [CORE/cake/libs/model/datasources/dbo_source.php, line 525]
2009-06-01 03:31:10 Warning: Warning (2): Invalid argument supplied for foreach() in [APP/views/vw_chamados/chamados_abertos.ctp, line 23]
2009-06-01 03:31:14 Warning: Warning (512): <span style = "color:Red;text-align:left"><b>SQL Error:</b> 1054: Unknown column 'VwChamado.id' in 'field list'</span> in [CORE/cake/libs/model/datasources/dbo_source.php, line 525]
2009-06-01 03:31:14 Warning: Warning (2): Invalid argument supplied for foreach() in [APP/views/vw_chamados/chamados_abertos.ctp, line 23]
2009-06-02 20:32:14 Warning: Warning (512): <span style = "color:Red;text-align:left"><b>SQL Error:</b> 1054: Unknown column 'Setor.atende_chamado' in 'where clause'</span> in [CORE/cake/libs/model/datasources/dbo_source.php, line 525]
2009-06-03 18:50:33 Warning: Warning (2): unlink(/var/www/helpdesk/tmp/cache/models/cake_model_default_grupos) [<a href='http://php.net/function.unlink'>function.unlink</a>]: No such file or directory in [CORE/cake/libs/file.php, line 292]
2009-06-03 18:50:34 Warning: Warning (2): Cannot modify header information - headers already sent by (output started at /var/www/cake12/cake/basics.php:111) in [CORE/cake/libs/controller/controller.php, line 640]
2009-06-08 20:53:16 Warning: Warning (2): date() expects at least 1 parameter, 0 given in [APP/views/vw_chamados/atender_chamado.ctp, line 173]
2009-06-08 21:16:29 Warning: Warning (512): <span style = "color:Red;text-align:left"><b>SQL Error:</b> 1452: Cannot add or update a child row: a foreign key constraint fails (`banco_helpdesk/usuarios`, CONSTRAINT `fk_usuarios.grupo_id` FOREIGN KEY (`grupo_id`) REFERENCES `grupos` (`id`))</span> in [CORE/cake/libs/model/datasources/dbo_source.php, line 525]
2009-06-08 21:16:29 Warning: Warning (512): <span style = "color:Red;text-align:left"><b>SQL Error:</b> 1452: Cannot add or update a child row: a foreign key constraint fails (`banco_helpdesk/chamados`, CONSTRAINT `fk_chamados.usuario_id` FOREIGN KEY (`usuario_id`) REFERENCES `usuarios` (`id`))</span> in [CORE/cake/libs/model/datasources/dbo_source.php, line 525]
2009-06-08 21:17:06 Warning: Warning (512): <span style = "color:Red;text-align:left"><b>SQL Error:</b> 1452: Cannot add or update a child row: a foreign key constraint fails (`banco_helpdesk/usuarios`, CONSTRAINT `fk_usuarios.grupo_id` FOREIGN KEY (`grupo_id`) REFERENCES `grupos` (`id`))</span> in [CORE/cake/libs/model/datasources/dbo_source.php, line 525]
2009-06-08 21:29:15 Warning: Warning (2): Cannot modify header information - headers already sent by (output started at /var/www/cake12/cake/basics.php:312) in [CORE/cake/libs/controller/controller.php, line 640]
2009-06-08 21:30:18 Warning: Warning (2): Cannot modify header information - headers already sent by (output started at /var/www/cake12/cake/basics.php:312) in [CORE/cake/libs/controller/controller.php, line 640]
2009-06-08 21:36:07 Warning: Warning (2): Cannot modify header information - headers already sent by (output started at /var/www/cake12/cake/basics.php:312) in [CORE/cake/libs/controller/controller.php, line 640]
2009-06-08 21:37:15 Warning: Warning (2): Cannot modify header information - headers already sent by (output started at /var/www/cake12/cake/basics.php:312) in [CORE/cake/libs/controller/controller.php, line 640]
2009-06-08 21:38:32 Warning: Warning (2): Cannot modify header information - headers already sent by (output started at /var/www/cake12/cake/basics.php:312) in [CORE/cake/libs/controller/controller.php, line 640]
2009-06-08 21:40:58 Warning: Warning (512): <span style = "color:Red;text-align:left"><b>SQL Error:</b> 1452: Cannot add or update a child row: a foreign key constraint fails (`banco_helpdesk/chamados`, CONSTRAINT `fk_chamados.aberto_por` FOREIGN KEY (`aberto_por`) REFERENCES `usuarios` (`id`))</span> in [CORE/cake/libs/model/datasources/dbo_source.php, line 525]
2009-06-08 21:42:00 Warning: Warning (512): <span style = "color:Red;text-align:left"><b>SQL Error:</b> 1452: Cannot add or update a child row: a foreign key constraint fails (`banco_helpdesk/chamados`, CONSTRAINT `fk_chamados.aberto_por` FOREIGN KEY (`aberto_por`) REFERENCES `usuarios` (`id`))</span> in [CORE/cake/libs/model/datasources/dbo_source.php, line 525]
2009-06-08 21:43:40 Warning: Warning (512): <span style = "color:Red;text-align:left"><b>SQL Error:</b> 1452: Cannot add or update a child row: a foreign key constraint fails (`banco_helpdesk/chamados`, CONSTRAINT `fk_chamados.aberto_por` FOREIGN KEY (`aberto_por`) REFERENCES `usuarios` (`id`))</span> in [CORE/cake/libs/model/datasources/dbo_source.php, line 525]
2009-06-08 21:44:43 Warning: Warning (512): <span style = "color:Red;text-align:left"><b>SQL Error:</b> 1452: Cannot add or update a child row: a foreign key constraint fails (`banco_helpdesk/chamados`, CONSTRAINT `fk_chamados.aberto_por` FOREIGN KEY (`aberto_por`) REFERENCES `usuarios` (`id`))</span> in [CORE/cake/libs/model/datasources/dbo_source.php, line 525]
2009-06-08 21:44:53 Warning: Warning (2): Cannot modify header information - headers already sent by (output started at /var/www/cake12/cake/basics.php:312) in [CORE/cake/libs/controller/controller.php, line 640]
2009-06-08 21:53:30 Warning: Warning (2): Cannot modify header information - headers already sent by (output started at /var/www/cake12/cake/basics.php:312) in [CORE/cake/libs/controller/controller.php, line 640]
2009-06-08 21:54:36 Warning: Warning (2): Cannot modify header information - headers already sent by (output started at /var/www/cake12/cake/basics.php:312) in [CORE/cake/libs/controller/controller.php, line 640]
2009-06-08 21:55:05 Warning: Warning (512): <span style = "color:Red;text-align:left"><b>SQL Error:</b> 1452: Cannot add or update a child row: a foreign key constraint fails (`banco_helpdesk/chamado_historicos`, CONSTRAINT `fk_chamado_historicos.usuario_id` FOREIGN KEY (`usuario_id`) REFERENCES `usuarios` (`id`))</span> in [CORE/cake/libs/model/datasources/dbo_source.php, line 525]
2009-06-08 21:57:10 Warning: Warning (2): Cannot modify header information - headers already sent by (output started at /var/www/cake12/cake/basics.php:312) in [CORE/cake/libs/controller/controller.php, line 640]
2009-06-08 21:57:21 Warning: Warning (2): Cannot modify header information - headers already sent by (output started at /var/www/cake12/cake/basics.php:312) in [CORE/cake/libs/controller/controller.php, line 640]
2009-06-08 21:57:57 Warning: Warning (2): Cannot modify header information - headers already sent by (output started at /var/www/cake12/cake/basics.php:312) in [CORE/cake/libs/controller/controller.php, line 640]
2009-06-09 05:14:32 Warning: Warning (2): Cannot modify header information - headers already sent by (output started at /var/www/cake12/cake/basics.php:111) in [CORE/cake/libs/controller/controller.php, line 640]
2009-06-09 05:55:51 Warning: Warning (512): <span style = "color:Red;text-align:left"><b>SQL Error:</b> 1064: You have an error in your SQL syntax; check the manual that corresponds to your MySQL server version for the right syntax to use near '== 5' at line 1</span> in [CORE/cake/libs/model/datasources/dbo_source.php, line 525]
2009-06-09 05:55:51 Warning: Warning (512): <span style = "color:Red;text-align:left"><b>SQL Error:</b> 1064: You have an error in your SQL syntax; check the manual that corresponds to your MySQL server version for the right syntax to use near '== 5    LIMIT 5' at line 1</span> in [CORE/cake/libs/model/datasources/dbo_source.php, line 525]
2009-06-09 05:55:52 Warning: Warning (2): Invalid argument supplied for foreach() in [APP/views/vw_chamados/chamados_encerrados.ctp, line 23]
2009-06-09 05:56:06 Warning: Warning (512): <span style = "color:Red;text-align:left"><b>SQL Error:</b> 1064: You have an error in your SQL syntax; check the manual that corresponds to your MySQL server version for the right syntax to use near '== 5' at line 1</span> in [CORE/cake/libs/model/datasources/dbo_source.php, line 525]
2009-06-09 05:56:06 Warning: Warning (512): <span style = "color:Red;text-align:left"><b>SQL Error:</b> 1064: You have an error in your SQL syntax; check the manual that corresponds to your MySQL server version for the right syntax to use near '== 5    LIMIT 5' at line 1</span> in [CORE/cake/libs/model/datasources/dbo_source.php, line 525]
2009-06-09 05:56:06 Warning: Warning (2): Invalid argument supplied for foreach() in [APP/views/vw_chamados/chamados_encerrados.ctp, line 23]
2009-06-09 05:56:20 Warning: Warning (512): <span style = "color:Red;text-align:left"><b>SQL Error:</b> 1064: You have an error in your SQL syntax; check the manual that corresponds to your MySQL server version for the right syntax to use near '== 5' at line 1</span> in [CORE/cake/libs/model/datasources/dbo_source.php, line 525]
2009-06-09 05:56:20 Warning: Warning (512): <span style = "color:Red;text-align:left"><b>SQL Error:</b> 1064: You have an error in your SQL syntax; check the manual that corresponds to your MySQL server version for the right syntax to use near '== 5    LIMIT 5' at line 1</span> in [CORE/cake/libs/model/datasources/dbo_source.php, line 525]
2009-06-09 05:56:20 Warning: Warning (2): Invalid argument supplied for foreach() in [APP/views/vw_chamados/chamados_encerrados.ctp, line 23]
2009-06-09 18:12:45 Warning: Warning (2): array_merge() [<a href='http://php.net/function.array-merge'>function.array-merge</a>]: Argument #1 is not an array in [CORE/cake/libs/view/helpers/paginator.php, line 138]
2009-06-09 18:12:45 Warning: Warning (2): array_merge() [<a href='http://php.net/function.array-merge'>function.array-merge</a>]: Argument #2 is not an array in [CORE/cake/libs/view/helpers/paginator.php, line 138]
2009-06-09 18:12:45 Warning: Warning (2): array_merge() [<a href='http://php.net/function.array-merge'>function.array-merge</a>]: Argument #1 is not an array in [CORE/cake/libs/view/helpers/paginator.php, line 281]
2009-06-09 18:12:45 Warning: Warning (2): array_merge() [<a href='http://php.net/function.array-merge'>function.array-merge</a>]: Argument #2 is not an array in [CORE/cake/libs/view/helpers/paginator.php, line 281]
2009-06-09 18:12:45 Warning: Warning (2): Invalid argument supplied for foreach() in [APP/views/usuarios/index.ctp, line 27]
2009-06-09 18:13:22 Warning: Warning (2): array_merge() [<a href='http://php.net/function.array-merge'>function.array-merge</a>]: Argument #1 is not an array in [CORE/cake/libs/view/helpers/paginator.php, line 138]
2009-06-09 18:13:22 Warning: Warning (2): array_merge() [<a href='http://php.net/function.array-merge'>function.array-merge</a>]: Argument #2 is not an array in [CORE/cake/libs/view/helpers/paginator.php, line 138]
2009-06-09 18:13:22 Warning: Warning (2): array_merge() [<a href='http://php.net/function.array-merge'>function.array-merge</a>]: Argument #1 is not an array in [CORE/cake/libs/view/helpers/paginator.php, line 281]
2009-06-09 18:13:22 Warning: Warning (2): array_merge() [<a href='http://php.net/function.array-merge'>function.array-merge</a>]: Argument #2 is not an array in [CORE/cake/libs/view/helpers/paginator.php, line 281]
2009-06-09 18:13:22 Warning: Warning (2): Invalid argument supplied for foreach() in [APP/views/usuarios/index.ctp, line 27]
2009-06-10 15:25:12 Warning: Warning (2): require_once(/var/www/app/plugins/configs/vendor/import.php) [<a href='http://php.net/function.require-once'>function.require-once</a>]: failed to open stream: No such file or directory in [APP/config/bootstrap.php, line 46]
2009-06-10 15:25:16 Warning: Warning (2): require_once(/var/www/app/plugins/configs/vendor/import.php) [<a href='http://php.net/function.require-once'>function.require-once</a>]: failed to open stream: No such file or directory in [APP/config/bootstrap.php, line 46]
2009-06-10 15:26:05 Warning: Warning (2): Cannot modify header information - headers already sent by (output started at /var/www/helpdesk/plugins/configs/vendor/import.php:2) in [CORE/cake/libs/controller/controller.php, line 640]
2009-06-10 15:26:22 Warning: Warning (2): Cannot modify header information - headers already sent by (output started at /var/www/helpdesk/plugins/configs/vendor/import.php:2) in [CORE/cake/libs/controller/controller.php, line 640]
2009-06-10 15:26:28 Warning: Warning (2): Cannot modify header information - headers already sent by (output started at /var/www/helpdesk/plugins/configs/vendor/import.php:2) in [CORE/cake/libs/controller/controller.php, line 640]
2009-06-10 15:26:57 Warning: Warning (2): Cannot modify header information - headers already sent by (output started at /var/www/helpdesk/plugins/configs/vendor/import.php:16) in [CORE/cake/libs/controller/controller.php, line 640]
2009-06-10 19:05:34 Warning: Warning (2): Cannot modify header information - headers already sent by (output started at /var/www/helpdesk/plugins/configs/vendor/import.php:17) in [CORE/cake/libs/controller/controller.php, line 640]
2009-06-17 00:50:15 Warning: Warning (2): Cannot modify header information - headers already sent by (output started at /var/www/cake12/cake/basics.php:312) in [CORE/cake/libs/controller/controller.php, line 640]
2009-06-17 00:51:25 Warning: Warning (2): Cannot modify header information - headers already sent by (output started at /var/www/cake12/cake/basics.php:312) in [CORE/cake/libs/controller/controller.php, line 640]
2009-06-17 05:52:02 Warning: Warning (2): array_merge() [<a href='http://php.net/function.array-merge'>function.array-merge</a>]: Argument #2 is not an array in [CORE/cake/libs/view/helpers/form.php, line 581]
2009-06-20 00:57:06 Warning: Warning (2): Cannot modify header information - headers already sent by (output started at /var/www/cake12/cake/basics.php:312) in [APP/controllers/vw_chamados_controller.php, line 129]
2009-06-20 00:57:06 Warning: Warning (2): Cannot modify header information - headers already sent by (output started at /var/www/cake12/cake/basics.php:312) in [APP/controllers/vw_chamados_controller.php, line 130]
2009-06-20 00:57:06 Warning: Warning (2): Cannot modify header information - headers already sent by (output started at /var/www/cake12/cake/basics.php:312) in [APP/controllers/vw_chamados_controller.php, line 131]
2009-06-20 00:57:06 Warning: Warning (2): Cannot modify header information - headers already sent by (output started at /var/www/cake12/cake/basics.php:312) in [APP/controllers/vw_chamados_controller.php, line 132]
2009-06-20 00:57:06 Warning: Warning (2): Cannot modify header information - headers already sent by (output started at /var/www/cake12/cake/basics.php:312) in [APP/controllers/vw_chamados_controller.php, line 133]
2009-06-20 00:57:06 Warning: Warning (2): mysql_fetch_array(): supplied argument is not a valid MySQL result resource in [APP/controllers/vw_chamados_controller.php, line 138]
2009-06-20 00:57:06 Warning: Warning (512): <span style = "color:Red;text-align:left"><b>SQL Error:</b> 1054: Unknown column 'name' in 'order clause'</span> in [CORE/cake/libs/model/datasources/dbo_source.php, line 525]
2009-06-20 00:57:07 Warning: Warning (2): Cannot modify header information - headers already sent by (output started at /var/www/cake12/cake/basics.php:312) in [APP/controllers/vw_chamados_controller.php, line 129]
2009-06-20 00:57:07 Warning: Warning (2): Cannot modify header information - headers already sent by (output started at /var/www/cake12/cake/basics.php:312) in [APP/controllers/vw_chamados_controller.php, line 130]
2009-06-20 00:57:07 Warning: Warning (2): Cannot modify header information - headers already sent by (output started at /var/www/cake12/cake/basics.php:312) in [APP/controllers/vw_chamados_controller.php, line 131]
2009-06-20 00:57:07 Warning: Warning (2): Cannot modify header information - headers already sent by (output started at /var/www/cake12/cake/basics.php:312) in [APP/controllers/vw_chamados_controller.php, line 132]
2009-06-20 00:57:07 Warning: Warning (2): Cannot modify header information - headers already sent by (output started at /var/www/cake12/cake/basics.php:312) in [APP/controllers/vw_chamados_controller.php, line 133]
2009-06-20 00:57:07 Warning: Warning (2): mysql_fetch_array(): supplied argument is not a valid MySQL result resource in [APP/controllers/vw_chamados_controller.php, line 138]
2009-06-20 00:57:07 Warning: Warning (512): <span style = "color:Red;text-align:left"><b>SQL Error:</b> 1054: Unknown column 'name' in 'order clause'</span> in [CORE/cake/libs/model/datasources/dbo_source.php, line 525]
2009-06-20 00:57:56 Warning: Warning (2): Cannot modify header information - headers already sent by (output started at /var/www/cake12/cake/basics.php:312) in [APP/controllers/vw_chamados_controller.php, line 129]
2009-06-20 00:57:56 Warning: Warning (2): Cannot modify header information - headers already sent by (output started at /var/www/cake12/cake/basics.php:312) in [APP/controllers/vw_chamados_controller.php, line 130]
2009-06-20 00:57:57 Warning: Warning (2): Cannot modify header information - headers already sent by (output started at /var/www/cake12/cake/basics.php:312) in [APP/controllers/vw_chamados_controller.php, line 131]
2009-06-20 00:57:57 Warning: Warning (2): Cannot modify header information - headers already sent by (output started at /var/www/cake12/cake/basics.php:312) in [APP/controllers/vw_chamados_controller.php, line 132]
2009-06-20 00:57:57 Warning: Warning (2): Cannot modify header information - headers already sent by (output started at /var/www/cake12/cake/basics.php:312) in [APP/controllers/vw_chamados_controller.php, line 133]
2009-06-20 00:57:57 Warning: Warning (2): mysql_fetch_array(): supplied argument is not a valid MySQL result resource in [APP/controllers/vw_chamados_controller.php, line 138]
2009-06-20 00:58:48 Warning: Warning (2): Cannot modify header information - headers already sent by (output started at /var/www/cake12/cake/basics.php:312) in [APP/controllers/vw_chamados_controller.php, line 129]
2009-06-20 00:58:48 Warning: Warning (2): Cannot modify header information - headers already sent by (output started at /var/www/cake12/cake/basics.php:312) in [APP/controllers/vw_chamados_controller.php, line 130]
2009-06-20 00:58:48 Warning: Warning (2): Cannot modify header information - headers already sent by (output started at /var/www/cake12/cake/basics.php:312) in [APP/controllers/vw_chamados_controller.php, line 131]
2009-06-20 00:58:48 Warning: Warning (2): Cannot modify header information - headers already sent by (output started at /var/www/cake12/cake/basics.php:312) in [APP/controllers/vw_chamados_controller.php, line 132]
2009-06-20 00:58:48 Warning: Warning (2): Cannot modify header information - headers already sent by (output started at /var/www/cake12/cake/basics.php:312) in [APP/controllers/vw_chamados_controller.php, line 133]
2009-06-20 00:58:48 Warning: Warning (2): mysql_fetch_array(): supplied argument is not a valid MySQL result resource in [APP/controllers/vw_chamados_controller.php, line 138]
2009-06-20 00:59:26 Warning: Warning (2): Cannot modify header information - headers already sent by (output started at /var/www/cake12/cake/basics.php:312) in [APP/controllers/vw_chamados_controller.php, line 130]
2009-06-20 00:59:26 Warning: Warning (2): Cannot modify header information - headers already sent by (output started at /var/www/cake12/cake/basics.php:312) in [APP/controllers/vw_chamados_controller.php, line 131]
2009-06-20 00:59:26 Warning: Warning (2): Cannot modify header information - headers already sent by (output started at /var/www/cake12/cake/basics.php:312) in [APP/controllers/vw_chamados_controller.php, line 132]
2009-06-20 00:59:26 Warning: Warning (2): Cannot modify header information - headers already sent by (output started at /var/www/cake12/cake/basics.php:312) in [APP/controllers/vw_chamados_controller.php, line 133]
2009-06-20 00:59:26 Warning: Warning (2): Cannot modify header information - headers already sent by (output started at /var/www/cake12/cake/basics.php:312) in [APP/controllers/vw_chamados_controller.php, line 134]
2009-06-20 00:59:26 Warning: Warning (2): mysql_fetch_array(): supplied argument is not a valid MySQL result resource in [APP/controllers/vw_chamados_controller.php, line 139]
2009-06-20 01:00:51 Warning: Warning (2): Cannot modify header information - headers already sent by (output started at /var/www/cake12/cake/basics.php:312) in [APP/controllers/vw_chamados_controller.php, line 130]
2009-06-20 01:00:51 Warning: Warning (2): Cannot modify header information - headers already sent by (output started at /var/www/cake12/cake/basics.php:312) in [APP/controllers/vw_chamados_controller.php, line 131]
2009-06-20 01:00:51 Warning: Warning (2): Cannot modify header information - headers already sent by (output started at /var/www/cake12/cake/basics.php:312) in [APP/controllers/vw_chamados_controller.php, line 132]
2009-06-20 01:00:51 Warning: Warning (2): Cannot modify header information - headers already sent by (output started at /var/www/cake12/cake/basics.php:312) in [APP/controllers/vw_chamados_controller.php, line 133]
2009-06-20 01:00:51 Warning: Warning (2): Cannot modify header information - headers already sent by (output started at /var/www/cake12/cake/basics.php:312) in [APP/controllers/vw_chamados_controller.php, line 134]
2009-06-20 01:00:51 Warning: Warning (2): mysql_fetch_array(): supplied argument is not a valid MySQL result resource in [APP/controllers/vw_chamados_controller.php, line 139]
2009-06-20 01:00:51 Warning: Warning (2): array_merge() [<a href='http://php.net/function.array-merge'>function.array-merge</a>]: Argument #1 is not an array in [CORE/cake/libs/view/helpers/paginator.php, line 138]
2009-06-20 01:00:51 Warning: Warning (2): array_merge() [<a href='http://php.net/function.array-merge'>function.array-merge</a>]: Argument #2 is not an array in [CORE/cake/libs/view/helpers/paginator.php, line 138]
2009-06-20 01:00:51 Warning: Warning (2): array_merge() [<a href='http://php.net/function.array-merge'>function.array-merge</a>]: Argument #1 is not an array in [CORE/cake/libs/view/helpers/paginator.php, line 281]
2009-06-20 01:00:51 Warning: Warning (2): array_merge() [<a href='http://php.net/function.array-merge'>function.array-merge</a>]: Argument #2 is not an array in [CORE/cake/libs/view/helpers/paginator.php, line 281]
2009-06-20 01:00:51 Warning: Warning (2): Invalid argument supplied for foreach() in [APP/views/vw_chamados/grid_meus_chamados.ctp, line 40]
2009-06-20 01:02:15 Warning: Warning (2): mysql_fetch_array(): supplied argument is not a valid MySQL result resource in [APP/controllers/vw_chamados_controller.php, line 139]
2009-06-20 01:02:15 Warning: Warning (2): array_merge() [<a href='http://php.net/function.array-merge'>function.array-merge</a>]: Argument #1 is not an array in [CORE/cake/libs/view/helpers/paginator.php, line 138]
2009-06-20 01:02:15 Warning: Warning (2): array_merge() [<a href='http://php.net/function.array-merge'>function.array-merge</a>]: Argument #2 is not an array in [CORE/cake/libs/view/helpers/paginator.php, line 138]
2009-06-20 01:02:15 Warning: Warning (2): array_merge() [<a href='http://php.net/function.array-merge'>function.array-merge</a>]: Argument #1 is not an array in [CORE/cake/libs/view/helpers/paginator.php, line 281]
2009-06-20 01:02:15 Warning: Warning (2): array_merge() [<a href='http://php.net/function.array-merge'>function.array-merge</a>]: Argument #2 is not an array in [CORE/cake/libs/view/helpers/paginator.php, line 281]
2009-06-20 01:02:15 Warning: Warning (2): Invalid argument supplied for foreach() in [APP/views/vw_chamados/grid_meus_chamados.ctp, line 42]
2009-06-20 01:03:28 Warning: Warning (2): mysql_fetch_array(): supplied argument is not a valid MySQL result resource in [APP/controllers/vw_chamados_controller.php, line 139]
2009-06-20 01:03:28 Warning: Warning (2): array_merge() [<a href='http://php.net/function.array-merge'>function.array-merge</a>]: Argument #1 is not an array in [CORE/cake/libs/view/helpers/paginator.php, line 138]
2009-06-20 01:03:28 Warning: Warning (2): array_merge() [<a href='http://php.net/function.array-merge'>function.array-merge</a>]: Argument #2 is not an array in [CORE/cake/libs/view/helpers/paginator.php, line 138]
2009-06-20 01:03:28 Warning: Warning (2): array_merge() [<a href='http://php.net/function.array-merge'>function.array-merge</a>]: Argument #1 is not an array in [CORE/cake/libs/view/helpers/paginator.php, line 281]
2009-06-20 01:03:28 Warning: Warning (2): array_merge() [<a href='http://php.net/function.array-merge'>function.array-merge</a>]: Argument #2 is not an array in [CORE/cake/libs/view/helpers/paginator.php, line 281]
2009-06-20 01:03:28 Warning: Warning (2): Invalid argument supplied for foreach() in [APP/views/vw_chamados/grid_meus_chamados.ctp, line 44]
2009-06-20 02:50:02 Warning: Warning (2): Cannot modify header information - headers already sent by (output started at /var/www/cake12/cake/basics.php:312) in [APP/views/layouts/json.ctp, line 4]
2009-06-20 02:50:02 Warning: Warning (2): Cannot modify header information - headers already sent by (output started at /var/www/cake12/cake/basics.php:312) in [APP/views/layouts/json.ctp, line 5]
2009-06-20 02:50:02 Warning: Warning (2): Cannot modify header information - headers already sent by (output started at /var/www/cake12/cake/basics.php:312) in [APP/views/layouts/json.ctp, line 6]
2009-06-20 02:50:02 Warning: Warning (2): Cannot modify header information - headers already sent by (output started at /var/www/cake12/cake/basics.php:312) in [APP/views/layouts/json.ctp, line 7]
2009-06-20 02:50:03 Warning: Warning (2): Cannot modify header information - headers already sent by (output started at /var/www/cake12/cake/basics.php:312) in [APP/views/layouts/json.ctp, line 4]
2009-06-20 02:50:03 Warning: Warning (2): Cannot modify header information - headers already sent by (output started at /var/www/cake12/cake/basics.php:312) in [APP/views/layouts/json.ctp, line 5]
2009-06-20 02:50:03 Warning: Warning (2): Cannot modify header information - headers already sent by (output started at /var/www/cake12/cake/basics.php:312) in [APP/views/layouts/json.ctp, line 6]
2009-06-20 02:50:03 Warning: Warning (2): Cannot modify header information - headers already sent by (output started at /var/www/cake12/cake/basics.php:312) in [APP/views/layouts/json.ctp, line 7]
2009-06-20 03:02:41 Warning: Warning (2): Cannot modify header information - headers already sent by (output started at /var/www/cake12/cake/basics.php:312) in [APP/views/layouts/json.ctp, line 4]
2009-06-20 03:02:41 Warning: Warning (2): Cannot modify header information - headers already sent by (output started at /var/www/cake12/cake/basics.php:312) in [APP/views/layouts/json.ctp, line 5]
2009-06-20 03:02:42 Warning: Warning (2): Cannot modify header information - headers already sent by (output started at /var/www/cake12/cake/basics.php:312) in [APP/views/layouts/json.ctp, line 6]
2009-06-20 03:02:42 Warning: Warning (2): Cannot modify header information - headers already sent by (output started at /var/www/cake12/cake/basics.php:312) in [APP/views/layouts/json.ctp, line 4]
2009-06-20 03:02:42 Warning: Warning (2): Cannot modify header information - headers already sent by (output started at /var/www/cake12/cake/basics.php:312) in [APP/views/layouts/json.ctp, line 5]
2009-06-20 03:02:42 Warning: Warning (2): Cannot modify header information - headers already sent by (output started at /var/www/cake12/cake/basics.php:312) in [APP/views/layouts/json.ctp, line 6]
2009-06-20 03:03:53 Warning: Warning (2): Cannot modify header information - headers already sent by (output started at /var/www/cake12/cake/basics.php:312) in [APP/views/layouts/json.ctp, line 4]
2009-06-20 03:03:53 Warning: Warning (2): Cannot modify header information - headers already sent by (output started at /var/www/cake12/cake/basics.php:312) in [APP/views/layouts/json.ctp, line 5]
2009-06-20 03:03:53 Warning: Warning (2): Cannot modify header information - headers already sent by (output started at /var/www/cake12/cake/basics.php:312) in [APP/views/layouts/json.ctp, line 6]
2009-06-20 03:03:53 Warning: Warning (2): Cannot modify header information - headers already sent by (output started at /var/www/cake12/cake/basics.php:312) in [APP/views/layouts/json.ctp, line 4]
2009-06-20 03:03:53 Warning: Warning (2): Cannot modify header information - headers already sent by (output started at /var/www/cake12/cake/basics.php:312) in [APP/views/layouts/json.ctp, line 5]
2009-06-20 03:03:54 Warning: Warning (2): Cannot modify header information - headers already sent by (output started at /var/www/cake12/cake/basics.php:312) in [APP/views/layouts/json.ctp, line 6]
2009-06-20 03:04:20 Warning: Warning (2): Cannot modify header information - headers already sent by (output started at /var/www/cake12/cake/basics.php:312) in [APP/views/layouts/json.ctp, line 4]
2009-06-20 03:04:20 Warning: Warning (2): Cannot modify header information - headers already sent by (output started at /var/www/cake12/cake/basics.php:312) in [APP/views/layouts/json.ctp, line 5]
2009-06-20 03:04:20 Warning: Warning (2): Cannot modify header information - headers already sent by (output started at /var/www/cake12/cake/basics.php:312) in [APP/views/layouts/json.ctp, line 6]
2009-06-20 03:06:22 Warning: Warning (2): Cannot modify header information - headers already sent by (output started at /var/www/cake12/cake/basics.php:312) in [APP/views/layouts/json.ctp, line 4]
2009-06-20 03:06:22 Warning: Warning (2): Cannot modify header information - headers already sent by (output started at /var/www/cake12/cake/basics.php:312) in [APP/views/layouts/json.ctp, line 5]
2009-06-20 03:06:22 Warning: Warning (2): Cannot modify header information - headers already sent by (output started at /var/www/cake12/cake/basics.php:312) in [APP/views/layouts/json.ctp, line 6]
2009-06-20 03:06:25 Warning: Warning (2): Cannot modify header information - headers already sent by (output started at /var/www/cake12/cake/basics.php:312) in [APP/views/layouts/json.ctp, line 4]
2009-06-20 03:06:25 Warning: Warning (2): Cannot modify header information - headers already sent by (output started at /var/www/cake12/cake/basics.php:312) in [APP/views/layouts/json.ctp, line 5]
2009-06-20 03:06:25 Warning: Warning (2): Cannot modify header information - headers already sent by (output started at /var/www/cake12/cake/basics.php:312) in [APP/views/layouts/json.ctp, line 6]
2009-06-23 01:40:00 Warning: Warning (2): unlink(/var/www/helpdesk/tmp/cache/models/cake_model_default_configuracoes) [<a href='http://php.net/function.unlink'>function.unlink</a>]: No such file or directory in [CORE/cake/libs/file.php, line 292]
2009-06-23 01:40:00 Warning: Warning (2): Cannot modify header information - headers already sent by (output started at /var/www/cake12/cake/basics.php:111) in [CORE/cake/libs/controller/controller.php, line 640]
2009-06-23 04:56:41 Warning: Warning (2): Division by zero in [CORE/cake/libs/controller/controller.php, line 1068]
2009-06-24 12:15:56 Warning: Warning (512): <span style = "color:Red;text-align:left"><b>SQL Error:</b> 1054: Unknown column 'tempo' in 'order clause'</span> in [CORE/cake/libs/model/datasources/dbo_source.php, line 525]
2009-06-24 12:19:54 Warning: Warning (512): <span style = "color:Red;text-align:left"><b>SQL Error:</b> 1054: Unknown column 'tempo' in 'order clause'</span> in [CORE/cake/libs/model/datasources/dbo_source.php, line 525]
2009-06-24 12:52:34 Warning: Warning (2): Division by zero in [CORE/cake/libs/controller/controller.php, line 1068]
2009-06-24 12:52:34 Warning: Warning (512): <span style = "color:Red;text-align:left"><b>SQL Error:</b> 1064: You have an error in your SQL syntax; check the manual that corresponds to your MySQL server version for the right syntax to use near 'Pesquisar' at line 1</span> in [CORE/cake/libs/model/datasources/dbo_source.php, line 525]
2009-06-24 12:52:35 Warning: Warning (2): Invalid argument supplied for foreach() in [APP/views/vw_chamados/meus_chamados.ctp, line 43]
2009-06-24 12:53:19 Warning: Warning (2): Division by zero in [CORE/cake/libs/controller/controller.php, line 1068]
2009-06-24 12:53:19 Warning: Warning (512): <span style = "color:Red;text-align:left"><b>SQL Error:</b> 1064: You have an error in your SQL syntax; check the manual that corresponds to your MySQL server version for the right syntax to use near 'Pesquisar' at line 1</span> in [CORE/cake/libs/model/datasources/dbo_source.php, line 525]
2009-06-24 12:53:19 Warning: Warning (2): Invalid argument supplied for foreach() in [APP/views/vw_chamados/meus_chamados.ctp, line 43]
2009-06-24 12:53:29 Warning: Warning (2): Division by zero in [CORE/cake/libs/controller/controller.php, line 1068]
2009-06-24 12:53:29 Warning: Warning (512): <span style = "color:Red;text-align:left"><b>SQL Error:</b> 1064: You have an error in your SQL syntax; check the manual that corresponds to your MySQL server version for the right syntax to use near 'Pesquisar' at line 1</span> in [CORE/cake/libs/model/datasources/dbo_source.php, line 525]
2009-06-24 12:53:29 Warning: Warning (2): Invalid argument supplied for foreach() in [APP/views/vw_chamados/meus_chamados.ctp, line 43]
2009-06-24 12:53:37 Warning: Warning (2): Division by zero in [CORE/cake/libs/controller/controller.php, line 1068]
2009-06-24 12:53:37 Warning: Warning (512): <span style = "color:Red;text-align:left"><b>SQL Error:</b> 1064: You have an error in your SQL syntax; check the manual that corresponds to your MySQL server version for the right syntax to use near 'Pesquisar' at line 1</span> in [CORE/cake/libs/model/datasources/dbo_source.php, line 525]
2009-06-24 12:53:37 Warning: Warning (2): Invalid argument supplied for foreach() in [APP/views/vw_chamados/meus_chamados.ctp, line 43]
2009-06-24 12:54:45 Warning: Warning (2): Division by zero in [CORE/cake/libs/controller/controller.php, line 1068]
2009-06-24 12:54:45 Warning: Warning (512): <span style = "color:Red;text-align:left"><b>SQL Error:</b> 1064: You have an error in your SQL syntax; check the manual that corresponds to your MySQL server version for the right syntax to use near 'Pesquisar' at line 1</span> in [CORE/cake/libs/model/datasources/dbo_source.php, line 525]
2009-06-24 12:55:06 Warning: Warning (2): Division by zero in [CORE/cake/libs/controller/controller.php, line 1068]
2009-06-24 12:55:06 Warning: Warning (512): <span style = "color:Red;text-align:left"><b>SQL Error:</b> 1064: You have an error in your SQL syntax; check the manual that corresponds to your MySQL server version for the right syntax to use near 'Pesquisar' at line 1</span> in [CORE/cake/libs/model/datasources/dbo_source.php, line 525]
2009-06-24 12:55:06 Warning: Warning (2): Invalid argument supplied for foreach() in [APP/views/vw_chamados/meus_chamados.ctp, line 43]
2009-06-24 12:55:12 Warning: Warning (2): Division by zero in [CORE/cake/libs/controller/controller.php, line 1068]
2009-06-24 12:55:12 Warning: Warning (512): <span style = "color:Red;text-align:left"><b>SQL Error:</b> 1064: You have an error in your SQL syntax; check the manual that corresponds to your MySQL server version for the right syntax to use near 'Pesquisar' at line 1</span> in [CORE/cake/libs/model/datasources/dbo_source.php, line 525]
2009-06-24 12:55:12 Warning: Warning (2): Invalid argument supplied for foreach() in [APP/views/vw_chamados/meus_chamados.ctp, line 43]
2009-06-24 12:55:15 Warning: Warning (2): Division by zero in [CORE/cake/libs/controller/controller.php, line 1068]
2009-06-24 12:55:15 Warning: Warning (512): <span style = "color:Red;text-align:left"><b>SQL Error:</b> 1064: You have an error in your SQL syntax; check the manual that corresponds to your MySQL server version for the right syntax to use near 'Pesquisar' at line 1</span> in [CORE/cake/libs/model/datasources/dbo_source.php, line 525]
2009-06-24 12:55:15 Warning: Warning (2): Invalid argument supplied for foreach() in [APP/views/vw_chamados/meus_chamados.ctp, line 43]
2009-06-24 12:55:28 Warning: Warning (2): Division by zero in [CORE/cake/libs/controller/controller.php, line 1068]
2009-06-24 12:55:28 Warning: Warning (512): <span style = "color:Red;text-align:left"><b>SQL Error:</b> 1064: You have an error in your SQL syntax; check the manual that corresponds to your MySQL server version for the right syntax to use near 'Pesquisar' at line 1</span> in [CORE/cake/libs/model/datasources/dbo_source.php, line 525]
2009-06-24 12:55:29 Warning: Warning (2): Invalid argument supplied for foreach() in [APP/views/vw_chamados/meus_chamados.ctp, line 43]
2009-06-24 12:55:37 Warning: Warning (2): Division by zero in [CORE/cake/libs/controller/controller.php, line 1068]
2009-06-24 12:55:37 Warning: Warning (512): <span style = "color:Red;text-align:left"><b>SQL Error:</b> 1064: You have an error in your SQL syntax; check the manual that corresponds to your MySQL server version for the right syntax to use near 'Pesquisar' at line 1</span> in [CORE/cake/libs/model/datasources/dbo_source.php, line 525]
2009-06-24 12:55:37 Warning: Warning (2): Invalid argument supplied for foreach() in [APP/views/vw_chamados/meus_chamados.ctp, line 43]
2009-06-24 12:56:55 Warning: Warning (2): Division by zero in [CORE/cake/libs/controller/controller.php, line 1068]
2009-06-24 12:56:55 Warning: Warning (512): <span style = "color:Red;text-align:left"><b>SQL Error:</b> 1064: You have an error in your SQL syntax; check the manual that corresponds to your MySQL server version for the right syntax to use near 'Pesquisar' at line 1</span> in [CORE/cake/libs/model/datasources/dbo_source.php, line 525]
2009-06-24 12:56:55 Warning: Warning (2): Invalid argument supplied for foreach() in [APP/views/vw_chamados/meus_chamados.ctp, line 43]
2009-06-24 12:57:57 Warning: Warning (2): Division by zero in [CORE/cake/libs/controller/controller.php, line 1068]
2009-06-24 12:57:57 Warning: Warning (512): <span style = "color:Red;text-align:left"><b>SQL Error:</b> 1064: You have an error in your SQL syntax; check the manual that corresponds to your MySQL server version for the right syntax to use near 'Pesquisar' at line 1</span> in [CORE/cake/libs/model/datasources/dbo_source.php, line 525]
2009-06-24 12:57:57 Warning: Warning (2): Invalid argument supplied for foreach() in [APP/views/vw_chamados/meus_chamados.ctp, line 43]
2009-06-24 12:58:41 Warning: Warning (2): Division by zero in [CORE/cake/libs/controller/controller.php, line 1068]
2009-06-24 12:58:41 Warning: Warning (512): <span style = "color:Red;text-align:left"><b>SQL Error:</b> 1064: You have an error in your SQL syntax; check the manual that corresponds to your MySQL server version for the right syntax to use near 'Pesquisar' at line 1</span> in [CORE/cake/libs/model/datasources/dbo_source.php, line 525]
2009-06-24 12:58:41 Warning: Warning (2): Invalid argument supplied for foreach() in [APP/views/vw_chamados/meus_chamados.ctp, line 43]
2009-06-24 13:01:40 Warning: Warning (2): Division by zero in [CORE/cake/libs/controller/controller.php, line 1068]
2009-06-24 13:01:40 Warning: Warning (512): <span style = "color:Red;text-align:left"><b>SQL Error:</b> 1064: You have an error in your SQL syntax; check the manual that corresponds to your MySQL server version for the right syntax to use near 'Pesquisar' at line 1</span> in [CORE/cake/libs/model/datasources/dbo_source.php, line 525]
2009-06-24 13:01:40 Warning: Warning (2): Invalid argument supplied for foreach() in [APP/views/vw_chamados/meus_chamados.ctp, line 43]
2009-06-24 13:01:41 Warning: Warning (2): Division by zero in [CORE/cake/libs/controller/controller.php, line 1068]
2009-06-24 13:01:41 Warning: Warning (512): <span style = "color:Red;text-align:left"><b>SQL Error:</b> 1064: You have an error in your SQL syntax; check the manual that corresponds to your MySQL server version for the right syntax to use near 'Pesquisar' at line 1</span> in [CORE/cake/libs/model/datasources/dbo_source.php, line 525]
2009-06-24 13:01:42 Warning: Warning (2): Invalid argument supplied for foreach() in [APP/views/vw_chamados/meus_chamados.ctp, line 43]
2009-06-24 13:01:45 Warning: Warning (2): Division by zero in [CORE/cake/libs/controller/controller.php, line 1068]
2009-06-24 13:01:45 Warning: Warning (512): <span style = "color:Red;text-align:left"><b>SQL Error:</b> 1064: You have an error in your SQL syntax; check the manual that corresponds to your MySQL server version for the right syntax to use near 'Pesquisar' at line 1</span> in [CORE/cake/libs/model/datasources/dbo_source.php, line 525]
2009-06-24 13:01:46 Warning: Warning (2): Invalid argument supplied for foreach() in [APP/views/vw_chamados/meus_chamados.ctp, line 43]
2009-06-24 13:02:11 Warning: Warning (2): Division by zero in [CORE/cake/libs/controller/controller.php, line 1068]
2009-06-24 13:02:11 Warning: Warning (512): <span style = "color:Red;text-align:left"><b>SQL Error:</b> 1064: You have an error in your SQL syntax; check the manual that corresponds to your MySQL server version for the right syntax to use near 'Pesquisar' at line 1</span> in [CORE/cake/libs/model/datasources/dbo_source.php, line 525]
2009-06-24 13:02:11 Warning: Warning (2): Invalid argument supplied for foreach() in [APP/views/vw_chamados/meus_chamados.ctp, line 43]
2009-06-24 13:02:22 Warning: Warning (2): Division by zero in [CORE/cake/libs/controller/controller.php, line 1068]
2009-06-24 13:02:22 Warning: Warning (512): <span style = "color:Red;text-align:left"><b>SQL Error:</b> 1064: You have an error in your SQL syntax; check the manual that corresponds to your MySQL server version for the right syntax to use near 'Pesquisar' at line 1</span> in [CORE/cake/libs/model/datasources/dbo_source.php, line 525]
2009-06-24 13:02:22 Warning: Warning (2): Invalid argument supplied for foreach() in [APP/views/vw_chamados/meus_chamados.ctp, line 43]
2009-06-24 13:02:50 Warning: Warning (2): Division by zero in [CORE/cake/libs/controller/controller.php, line 1068]
2009-06-24 13:02:50 Warning: Warning (512): <span style = "color:Red;text-align:left"><b>SQL Error:</b> 1064: You have an error in your SQL syntax; check the manual that corresponds to your MySQL server version for the right syntax to use near 'Pesquisar' at line 1</span> in [CORE/cake/libs/model/datasources/dbo_source.php, line 525]
2009-06-24 13:02:50 Warning: Warning (2): Invalid argument supplied for foreach() in [APP/views/vw_chamados/meus_chamados.ctp, line 43]
2009-06-24 13:02:51 Warning: Warning (2): Division by zero in [CORE/cake/libs/controller/controller.php, line 1068]
2009-06-24 13:02:51 Warning: Warning (512): <span style = "color:Red;text-align:left"><b>SQL Error:</b> 1064: You have an error in your SQL syntax; check the manual that corresponds to your MySQL server version for the right syntax to use near 'Pesquisar' at line 1</span> in [CORE/cake/libs/model/datasources/dbo_source.php, line 525]
2009-06-24 13:02:51 Warning: Warning (2): Invalid argument supplied for foreach() in [APP/views/vw_chamados/meus_chamados.ctp, line 43]
2009-06-24 13:03:22 Warning: Warning (2): Division by zero in [CORE/cake/libs/controller/controller.php, line 1068]
2009-06-24 13:03:22 Warning: Warning (512): <span style = "color:Red;text-align:left"><b>SQL Error:</b> 1064: You have an error in your SQL syntax; check the manual that corresponds to your MySQL server version for the right syntax to use near 'Pesquisar' at line 1</span> in [CORE/cake/libs/model/datasources/dbo_source.php, line 525]
2009-06-24 13:03:23 Warning: Warning (2): Invalid argument supplied for foreach() in [APP/views/vw_chamados/meus_chamados.ctp, line 43]
2009-06-24 13:04:13 Warning: Warning (2): Division by zero in [CORE/cake/libs/controller/controller.php, line 1068]
2009-06-24 13:04:13 Warning: Warning (512): <span style = "color:Red;text-align:left"><b>SQL Error:</b> 1064: You have an error in your SQL syntax; check the manual that corresponds to your MySQL server version for the right syntax to use near 'Pesquisar' at line 1</span> in [CORE/cake/libs/model/datasources/dbo_source.php, line 525]
2009-06-24 13:04:14 Warning: Warning (2): Invalid argument supplied for foreach() in [APP/views/vw_chamados/meus_chamados.ctp, line 43]
2009-06-24 13:05:40 Warning: Warning (2): Division by zero in [CORE/cake/libs/controller/controller.php, line 1068]
2009-06-24 13:05:40 Warning: Warning (512): <span style = "color:Red;text-align:left"><b>SQL Error:</b> 1064: You have an error in your SQL syntax; check the manual that corresponds to your MySQL server version for the right syntax to use near 'Pesquisar' at line 1</span> in [CORE/cake/libs/model/datasources/dbo_source.php, line 525]
2009-06-24 13:05:40 Warning: Warning (2): Invalid argument supplied for foreach() in [APP/views/vw_chamados/meus_chamados.ctp, line 43]
2009-06-24 13:05:59 Warning: Warning (2): Division by zero in [CORE/cake/libs/controller/controller.php, line 1068]
2009-06-24 13:05:59 Warning: Warning (512): <span style = "color:Red;text-align:left"><b>SQL Error:</b> 1064: You have an error in your SQL syntax; check the manual that corresponds to your MySQL server version for the right syntax to use near 'Pesquisar' at line 1</span> in [CORE/cake/libs/model/datasources/dbo_source.php, line 525]
2009-06-24 13:06:00 Warning: Warning (2): Invalid argument supplied for foreach() in [APP/views/vw_chamados/meus_chamados.ctp, line 43]
2009-06-24 13:06:36 Warning: Warning (2): Division by zero in [CORE/cake/libs/controller/controller.php, line 1068]
2009-06-24 13:06:36 Warning: Warning (512): <span style = "color:Red;text-align:left"><b>SQL Error:</b> 1064: You have an error in your SQL syntax; check the manual that corresponds to your MySQL server version for the right syntax to use near 'Pesquisar' at line 1</span> in [CORE/cake/libs/model/datasources/dbo_source.php, line 525]
2009-06-24 13:06:36 Warning: Warning (2): Invalid argument supplied for foreach() in [APP/views/vw_chamados/meus_chamados.ctp, line 43]
2009-06-24 13:06:59 Warning: Warning (2): Division by zero in [CORE/cake/libs/controller/controller.php, line 1068]
2009-06-24 13:06:59 Warning: Warning (512): <span style = "color:Red;text-align:left"><b>SQL Error:</b> 1064: You have an error in your SQL syntax; check the manual that corresponds to your MySQL server version for the right syntax to use near 'Pesquisar' at line 1</span> in [CORE/cake/libs/model/datasources/dbo_source.php, line 525]
2009-06-24 13:06:59 Warning: Warning (2): Invalid argument supplied for foreach() in [APP/views/vw_chamados/meus_chamados.ctp, line 43]
2009-06-24 13:07:02 Warning: Warning (2): Division by zero in [CORE/cake/libs/controller/controller.php, line 1068]
2009-06-24 13:07:02 Warning: Warning (512): <span style = "color:Red;text-align:left"><b>SQL Error:</b> 1064: You have an error in your SQL syntax; check the manual that corresponds to your MySQL server version for the right syntax to use near 'Pesquisar' at line 1</span> in [CORE/cake/libs/model/datasources/dbo_source.php, line 525]
2009-06-24 13:07:03 Warning: Warning (2): Invalid argument supplied for foreach() in [APP/views/vw_chamados/meus_chamados.ctp, line 43]
2009-06-24 13:08:42 Warning: Warning (2): Division by zero in [CORE/cake/libs/controller/controller.php, line 1068]
2009-06-24 13:08:42 Warning: Warning (512): <span style = "color:Red;text-align:left"><b>SQL Error:</b> 1064: You have an error in your SQL syntax; check the manual that corresponds to your MySQL server version for the right syntax to use near 'Pesquisar' at line 1</span> in [CORE/cake/libs/model/datasources/dbo_source.php, line 525]
2009-06-24 13:08:42 Warning: Warning (2): Invalid argument supplied for foreach() in [APP/views/vw_chamados/meus_chamados.ctp, line 43]
2009-06-24 13:08:43 Warning: Warning (2): Division by zero in [CORE/cake/libs/controller/controller.php, line 1068]
2009-06-24 13:08:43 Warning: Warning (512): <span style = "color:Red;text-align:left"><b>SQL Error:</b> 1064: You have an error in your SQL syntax; check the manual that corresponds to your MySQL server version for the right syntax to use near 'Pesquisar' at line 1</span> in [CORE/cake/libs/model/datasources/dbo_source.php, line 525]
2009-06-24 13:08:44 Warning: Warning (2): Invalid argument supplied for foreach() in [APP/views/vw_chamados/meus_chamados.ctp, line 43]
2009-06-24 13:10:34 Warning: Warning (2): Division by zero in [CORE/cake/libs/controller/controller.php, line 1068]
2009-06-24 13:10:34 Warning: Warning (512): <span style = "color:Red;text-align:left"><b>SQL Error:</b> 1064: You have an error in your SQL syntax; check the manual that corresponds to your MySQL server version for the right syntax to use near 'Pesquisar' at line 1</span> in [CORE/cake/libs/model/datasources/dbo_source.php, line 525]
2009-06-24 13:10:34 Warning: Warning (2): Invalid argument supplied for foreach() in [APP/views/vw_chamados/meus_chamados.ctp, line 43]
2009-06-24 13:10:40 Warning: Warning (2): Division by zero in [CORE/cake/libs/controller/controller.php, line 1068]
2009-06-24 13:10:40 Warning: Warning (512): <span style = "color:Red;text-align:left"><b>SQL Error:</b> 1064: You have an error in your SQL syntax; check the manual that corresponds to your MySQL server version for the right syntax to use near 'Pesquisar' at line 1</span> in [CORE/cake/libs/model/datasources/dbo_source.php, line 525]
2009-06-24 13:10:40 Warning: Warning (2): Invalid argument supplied for foreach() in [APP/views/vw_chamados/meus_chamados.ctp, line 43]
2009-06-24 13:10:42 Warning: Warning (2): Division by zero in [CORE/cake/libs/controller/controller.php, line 1068]
2009-06-24 13:10:42 Warning: Warning (512): <span style = "color:Red;text-align:left"><b>SQL Error:</b> 1064: You have an error in your SQL syntax; check the manual that corresponds to your MySQL server version for the right syntax to use near 'Pesquisar' at line 1</span> in [CORE/cake/libs/model/datasources/dbo_source.php, line 525]
2009-06-24 13:10:42 Warning: Warning (2): Invalid argument supplied for foreach() in [APP/views/vw_chamados/meus_chamados.ctp, line 43]
2009-06-24 13:10:43 Warning: Warning (2): Division by zero in [CORE/cake/libs/controller/controller.php, line 1068]
2009-06-24 13:10:43 Warning: Warning (512): <span style = "color:Red;text-align:left"><b>SQL Error:</b> 1064: You have an error in your SQL syntax; check the manual that corresponds to your MySQL server version for the right syntax to use near 'Pesquisar' at line 1</span> in [CORE/cake/libs/model/datasources/dbo_source.php, line 525]
2009-06-24 13:10:43 Warning: Warning (2): Invalid argument supplied for foreach() in [APP/views/vw_chamados/meus_chamados.ctp, line 43]
2009-06-24 13:13:03 Warning: Warning (2): Division by zero in [CORE/cake/libs/controller/controller.php, line 1068]
2009-06-24 13:13:03 Warning: Warning (512): <span style = "color:Red;text-align:left"><b>SQL Error:</b> 1064: You have an error in your SQL syntax; check the manual that corresponds to your MySQL server version for the right syntax to use near 'Pesquisar' at line 1</span> in [CORE/cake/libs/model/datasources/dbo_source.php, line 525]
2009-06-24 13:13:36 Warning: Warning (2): Division by zero in [CORE/cake/libs/controller/controller.php, line 1068]
2009-06-24 13:13:36 Warning: Warning (512): <span style = "color:Red;text-align:left"><b>SQL Error:</b> 1064: You have an error in your SQL syntax; check the manual that corresponds to your MySQL server version for the right syntax to use near 'Pesquisar' at line 1</span> in [CORE/cake/libs/model/datasources/dbo_source.php, line 525]
2009-06-24 13:13:37 Warning: Warning (2): Invalid argument supplied for foreach() in [APP/views/vw_chamados/meus_chamados.ctp, line 43]
2009-06-24 13:13:44 Warning: Warning (2): Division by zero in [CORE/cake/libs/controller/controller.php, line 1068]
2009-06-24 13:13:44 Warning: Warning (512): <span style = "color:Red;text-align:left"><b>SQL Error:</b> 1064: You have an error in your SQL syntax; check the manual that corresponds to your MySQL server version for the right syntax to use near 'Pesquisar' at line 1</span> in [CORE/cake/libs/model/datasources/dbo_source.php, line 525]
2009-06-24 13:13:44 Warning: Warning (2): Invalid argument supplied for foreach() in [APP/views/vw_chamados/meus_chamados.ctp, line 43]
2009-06-24 13:14:48 Warning: Warning (2): Division by zero in [CORE/cake/libs/controller/controller.php, line 1068]
2009-06-24 13:14:48 Warning: Warning (512): <span style = "color:Red;text-align:left"><b>SQL Error:</b> 1064: You have an error in your SQL syntax; check the manual that corresponds to your MySQL server version for the right syntax to use near 'Pesquisar' at line 1</span> in [CORE/cake/libs/model/datasources/dbo_source.php, line 525]
2009-06-24 13:14:48 Warning: Warning (2): Invalid argument supplied for foreach() in [APP/views/vw_chamados/meus_chamados.ctp, line 43]
2009-06-24 13:15:11 Warning: Warning (2): Division by zero in [CORE/cake/libs/controller/controller.php, line 1068]
2009-06-24 13:15:11 Warning: Warning (512): <span style = "color:Red;text-align:left"><b>SQL Error:</b> 1064: You have an error in your SQL syntax; check the manual that corresponds to your MySQL server version for the right syntax to use near 'Pesquisar' at line 1</span> in [CORE/cake/libs/model/datasources/dbo_source.php, line 525]
2009-06-24 13:15:11 Warning: Warning (2): Invalid argument supplied for foreach() in [APP/views/vw_chamados/meus_chamados.ctp, line 43]
2009-06-24 13:15:12 Warning: Warning (2): Division by zero in [CORE/cake/libs/controller/controller.php, line 1068]
2009-06-24 13:15:12 Warning: Warning (512): <span style = "color:Red;text-align:left"><b>SQL Error:</b> 1064: You have an error in your SQL syntax; check the manual that corresponds to your MySQL server version for the right syntax to use near 'Pesquisar' at line 1</span> in [CORE/cake/libs/model/datasources/dbo_source.php, line 525]
2009-06-24 13:15:12 Warning: Warning (2): Invalid argument supplied for foreach() in [APP/views/vw_chamados/meus_chamados.ctp, line 43]
2009-06-24 13:15:22 Warning: Warning (2): Division by zero in [CORE/cake/libs/controller/controller.php, line 1068]
2009-06-24 13:15:22 Warning: Warning (512): <span style = "color:Red;text-align:left"><b>SQL Error:</b> 1064: You have an error in your SQL syntax; check the manual that corresponds to your MySQL server version for the right syntax to use near 'Pesquisar' at line 1</span> in [CORE/cake/libs/model/datasources/dbo_source.php, line 525]
2009-06-24 13:15:23 Warning: Warning (2): Invalid argument supplied for foreach() in [APP/views/vw_chamados/meus_chamados.ctp, line 43]
2009-06-24 13:15:24 Warning: Warning (2): Division by zero in [CORE/cake/libs/controller/controller.php, line 1068]
2009-06-24 13:15:24 Warning: Warning (512): <span style = "color:Red;text-align:left"><b>SQL Error:</b> 1064: You have an error in your SQL syntax; check the manual that corresponds to your MySQL server version for the right syntax to use near 'Pesquisar' at line 1</span> in [CORE/cake/libs/model/datasources/dbo_source.php, line 525]
2009-06-24 13:15:24 Warning: Warning (2): Invalid argument supplied for foreach() in [APP/views/vw_chamados/meus_chamados.ctp, line 43]
2009-06-24 13:15:54 Warning: Warning (2): Division by zero in [CORE/cake/libs/controller/controller.php, line 1068]
2009-06-24 13:15:54 Warning: Warning (512): <span style = "color:Red;text-align:left"><b>SQL Error:</b> 1064: You have an error in your SQL syntax; check the manual that corresponds to your MySQL server version for the right syntax to use near 'Pesquisar' at line 1</span> in [CORE/cake/libs/model/datasources/dbo_source.php, line 525]
2009-06-24 13:15:54 Warning: Warning (2): Invalid argument supplied for foreach() in [APP/views/vw_chamados/meus_chamados.ctp, line 43]
2009-06-24 13:17:24 Warning: Warning (2): Division by zero in [CORE/cake/libs/controller/controller.php, line 1068]
2009-06-24 13:17:24 Warning: Warning (512): <span style = "color:Red;text-align:left"><b>SQL Error:</b> 1064: You have an error in your SQL syntax; check the manual that corresponds to your MySQL server version for the right syntax to use near 'Pesquisar' at line 1</span> in [CORE/cake/libs/model/datasources/dbo_source.php, line 525]
2009-06-24 13:17:24 Warning: Warning (2): Invalid argument supplied for foreach() in [APP/views/vw_chamados/meus_chamados.ctp, line 43]
2009-06-24 13:19:47 Warning: Warning (2): Division by zero in [CORE/cake/libs/controller/controller.php, line 1068]
2009-06-24 13:19:47 Warning: Warning (512): <span style = "color:Red;text-align:left"><b>SQL Error:</b> 1064: You have an error in your SQL syntax; check the manual that corresponds to your MySQL server version for the right syntax to use near 'Pesquisar' at line 1</span> in [CORE/cake/libs/model/datasources/dbo_source.php, line 525]
2009-06-24 13:19:48 Warning: Warning (2): Invalid argument supplied for foreach() in [APP/views/vw_chamados/meus_chamados.ctp, line 43]
2009-06-24 13:21:02 Warning: Warning (2): Division by zero in [CORE/cake/libs/controller/controller.php, line 1068]
2009-06-24 13:21:02 Warning: Warning (512): <span style = "color:Red;text-align:left"><b>SQL Error:</b> 1064: You have an error in your SQL syntax; check the manual that corresponds to your MySQL server version for the right syntax to use near 'Pesquisar' at line 1</span> in [CORE/cake/libs/model/datasources/dbo_source.php, line 525]
2009-06-24 13:21:02 Warning: Warning (2): Invalid argument supplied for foreach() in [APP/views/vw_chamados/meus_chamados.ctp, line 43]
2009-06-24 13:21:13 Warning: Warning (2): Division by zero in [CORE/cake/libs/controller/controller.php, line 1068]
2009-06-24 13:21:13 Warning: Warning (512): <span style = "color:Red;text-align:left"><b>SQL Error:</b> 1064: You have an error in your SQL syntax; check the manual that corresponds to your MySQL server version for the right syntax to use near 'Pesquisar' at line 1</span> in [CORE/cake/libs/model/datasources/dbo_source.php, line 525]
2009-06-24 13:21:13 Warning: Warning (2): Invalid argument supplied for foreach() in [APP/views/vw_chamados/meus_chamados.ctp, line 43]
2009-06-24 20:59:56 Warning: Warning (2): array_merge() [<a href='http://php.net/function.array-merge'>function.array-merge</a>]: Argument #2 is not an array in [APP/controllers/vw_chamados_controller.php, line 100]
2009-06-24 21:15:32 Warning: Warning (2): array_merge() [<a href='http://php.net/function.array-merge'>function.array-merge</a>]: Argument #2 is not an array in [APP/controllers/vw_chamados_controller.php, line 96]
2009-06-24 23:29:51 Warning: Warning (2): unlink(/var/www/helpdesk/tmp/cache/models/cake_model_default_prioridades) [<a href='http://php.net/function.unlink'>function.unlink</a>]: No such file or directory in [CORE/cake/libs/file.php, line 292]
2009-06-24 23:29:51 Warning: Warning (2): unlink(/var/www/helpdesk/tmp/cache/models/cake_model_default_avaliacoes) [<a href='http://php.net/function.unlink'>function.unlink</a>]: No such file or directory in [CORE/cake/libs/file.php, line 292]
2009-06-25 03:25:21 Warning: Warning (512): Controller::paginate() - no pude achar o model VwXhamado no controller VwChamadosController in [CORE/cake/libs/controller/controller.php, line 972]
2009-06-25 05:10:10 Warning: Warning (2): Invalid argument supplied for foreach() in [APP/views/vw_chamados/chamados_encerrados.ctp, line 23]
2009-06-25 05:20:47 Warning: Warning (2): Invalid argument supplied for foreach() in [APP/views/vw_chamados/chamados_abertos.ctp, line 31]
2009-06-25 05:29:58 Warning: Warning (2): Invalid argument supplied for foreach() in [APP/views/vw_chamados/chamados_abertos.ctp, line 31]
2009-06-25 05:32:31 Warning: Warning (2): Invalid argument supplied for foreach() in [APP/views/vw_chamados/chamados_abertos.ctp, line 34]
2009-06-25 05:32:35 Warning: Warning (2): Invalid argument supplied for foreach() in [APP/views/vw_chamados/chamados_abertos.ctp, line 34]
2009-06-25 06:42:26 Warning: Warning (2): Division by zero in [APP/views/vw_chamados/chamados_abertos.ctp, line 61]
2009-06-25 07:58:02 Warning: Warning (2): Cannot modify header information - headers already sent by (output started at /var/www/cake12/cake/basics.php:111) in [CORE/cake/libs/controller/controller.php, line 640]
2009-06-25 07:58:22 Warning: Warning (2): Cannot modify header information - headers already sent by (output started at /var/www/cake12/cake/basics.php:111) in [CORE/cake/libs/controller/controller.php, line 640]
2009-06-25 16:04:08 Warning: Warning (512): <span style = "color:Red;text-align:left"><b>SQL Error:</b> 1064: You have an error in your SQL syntax; check the manual that corresponds to your MySQL server version for the right syntax to use near ''t%'' at line 1</span> in [CORE/cake/libs/model/datasources/dbo_source.php, line 525]
2009-06-25 16:04:09 Warning: Warning (512): <span style = "color:Red;text-align:left"><b>SQL Error:</b> 1064: You have an error in your SQL syntax; check the manual that corresponds to your MySQL server version for the right syntax to use near ''t%'   ORDER BY `Usuario`.`nome` ASC  LIMIT 5' at line 1</span> in [CORE/cake/libs/model/datasources/dbo_source.php, line 525]
2009-06-25 16:04:09 Warning: Warning (2): Invalid argument supplied for foreach() in [APP/views/usuarios/index.ctp, line 32]
2009-06-25 16:04:46 Warning: Warning (512): <span style = "color:Red;text-align:left"><b>SQL Error:</b> 1064: You have an error in your SQL syntax; check the manual that corresponds to your MySQL server version for the right syntax to use near ''t%'' at line 1</span> in [CORE/cake/libs/model/datasources/dbo_source.php, line 525]
2009-06-25 16:04:46 Warning: Warning (512): <span style = "color:Red;text-align:left"><b>SQL Error:</b> 1064: You have an error in your SQL syntax; check the manual that corresponds to your MySQL server version for the right syntax to use near ''t%'   ORDER BY `Usuario`.`id` asc  LIMIT 5' at line 1</span> in [CORE/cake/libs/model/datasources/dbo_source.php, line 525]
2009-06-25 16:04:46 Warning: Warning (2): Invalid argument supplied for foreach() in [APP/views/usuarios/index.ctp, line 32]
2009-06-25 16:05:12 Warning: Warning (512): <span style = "color:Red;text-align:left"><b>SQL Error:</b> 1064: You have an error in your SQL syntax; check the manual that corresponds to your MySQL server version for the right syntax to use near ''t%'' at line 1</span> in [CORE/cake/libs/model/datasources/dbo_source.php, line 525]
2009-06-25 16:05:12 Warning: Warning (512): <span style = "color:Red;text-align:left"><b>SQL Error:</b> 1064: You have an error in your SQL syntax; check the manual that corresponds to your MySQL server version for the right syntax to use near ''t%'   ORDER BY `Usuario`.`id` asc  LIMIT 5' at line 1</span> in [CORE/cake/libs/model/datasources/dbo_source.php, line 525]
2009-06-25 16:05:12 Warning: Warning (2): Invalid argument supplied for foreach() in [APP/views/usuarios/index.ctp, line 32]
2009-06-25 16:05:13 Warning: Warning (512): <span style = "color:Red;text-align:left"><b>SQL Error:</b> 1064: You have an error in your SQL syntax; check the manual that corresponds to your MySQL server version for the right syntax to use near ''t%'' at line 1</span> in [CORE/cake/libs/model/datasources/dbo_source.php, line 525]
2009-06-25 16:05:13 Warning: Warning (512): <span style = "color:Red;text-align:left"><b>SQL Error:</b> 1064: You have an error in your SQL syntax; check the manual that corresponds to your MySQL server version for the right syntax to use near ''t%'   ORDER BY `Usuario`.`nome` ASC  LIMIT 5' at line 1</span> in [CORE/cake/libs/model/datasources/dbo_source.php, line 525]
2009-06-25 16:05:13 Warning: Warning (2): Invalid argument supplied for foreach() in [APP/views/usuarios/index.ctp, line 32]
2009-06-25 16:52:40 Warning: Warning (512): <span style = "color:Red;text-align:left"><b>SQL Error:</b> 1062: Duplicate entry 'teste' for key 2</span> in [CORE/cake/libs/model/datasources/dbo_source.php, line 525]
2009-06-25 17:21:19 Warning: Warning (512): <span style = "color:Red;text-align:left"><b>SQL Error:</b> 1064: You have an error in your SQL syntax; check the manual that corresponds to your MySQL server version for the right syntax to use near 'delelteAll' at line 1</span> in [CORE/cake/libs/model/datasources/dbo_source.php, line 525]
2009-06-25 17:22:23 Warning: Warning (512): <span style = "color:Red;text-align:left"><b>SQL Error:</b> 1064: You have an error in your SQL syntax; check the manual that corresponds to your MySQL server version for the right syntax to use near 'delelteAll' at line 1</span> in [CORE/cake/libs/model/datasources/dbo_source.php, line 525]
2009-06-25 17:23:35 Warning: Warning (512): <span style = "color:Red;text-align:left"><b>SQL Error:</b> 1064: You have an error in your SQL syntax; check the manual that corresponds to your MySQL server version for the right syntax to use near 'delelteAll' at line 1</span> in [CORE/cake/libs/model/datasources/dbo_source.php, line 525]
2009-06-25 17:23:35 Warning: Warning (2): Cannot modify header information - headers already sent by (output started at /var/www/cake12/cake/basics.php:111) in [CORE/cake/libs/controller/controller.php, line 640]
2009-06-25 18:12:39 Warning: Warning (2): Cannot modify header information - headers already sent by (output started at /var/www/cake12/cake/basics.php:312) in [CORE/cake/libs/controller/controller.php, line 640]
2009-06-25 18:13:10 Warning: Warning (2): Cannot modify header information - headers already sent by (output started at /var/www/cake12/cake/basics.php:312) in [CORE/cake/libs/controller/controller.php, line 640]
2009-06-25 18:15:42 Warning: Warning (2): Cannot modify header information - headers already sent by (output started at /var/www/cake12/cake/basics.php:312) in [CORE/cake/libs/controller/controller.php, line 640]
2009-06-25 18:21:44 Warning: Warning (512): <span style = "color:Red;text-align:left"><b>SQL Error:</b> 1054: Unknown column 'Setor.sla_id' in 'field list'</span> in [CORE/cake/libs/model/datasources/dbo_source.php, line 525]
2009-06-25 18:21:44 Warning: Warning (512): <span style = "color:Red;text-align:left"><b>SQL Error:</b> 1451: Cannot delete or update a parent row: a foreign key constraint fails (`banco_helpdesk/problemas`, CONSTRAINT `fk_problemas.setor_id` FOREIGN KEY (`setor_id`) REFERENCES `setores` (`id`))</span> in [CORE/cake/libs/model/datasources/dbo_source.php, line 525]
2009-06-25 18:21:44 Warning: Warning (2): Cannot modify header information - headers already sent by (output started at /var/www/cake12/cake/basics.php:111) in [CORE/cake/libs/controller/controller.php, line 640]
2009-06-25 18:22:55 Warning: Warning (512): <span style = "color:Red;text-align:left"><b>SQL Error:</b> 1451: Cannot delete or update a parent row: a foreign key constraint fails (`banco_helpdesk/problemas`, CONSTRAINT `fk_problemas.setor_id` FOREIGN KEY (`setor_id`) REFERENCES `setores` (`id`))</span> in [CORE/cake/libs/model/datasources/dbo_source.php, line 525]
2009-06-25 18:22:55 Warning: Warning (2): Cannot modify header information - headers already sent by (output started at /var/www/cake12/cake/basics.php:111) in [CORE/cake/libs/controller/controller.php, line 640]
2009-06-25 18:23:53 Warning: Warning (512): <span style = "color:Red;text-align:left"><b>SQL Error:</b> 1451: Cannot delete or update a parent row: a foreign key constraint fails (`banco_helpdesk/problemas`, CONSTRAINT `fk_problemas.setor_id` FOREIGN KEY (`setor_id`) REFERENCES `setores` (`id`))</span> in [CORE/cake/libs/model/datasources/dbo_source.php, line 525]
2009-06-25 18:23:53 Warning: Warning (2): Cannot modify header information - headers already sent by (output started at /var/www/cake12/cake/basics.php:111) in [CORE/cake/libs/controller/controller.php, line 640]
2009-06-25 18:27:39 Warning: Warning (512): <span style = "color:Red;text-align:left"><b>SQL Error:</b> 1451: Cannot delete or update a parent row: a foreign key constraint fails (`banco_helpdesk/problemas`, CONSTRAINT `fk_problemas.setor_id` FOREIGN KEY (`setor_id`) REFERENCES `setores` (`id`))</span> in [CORE/cake/libs/model/datasources/dbo_source.php, line 525]
2009-06-25 18:27:39 Warning: Warning (2): Cannot modify header information - headers already sent by (output started at /var/www/cake12/cake/basics.php:111) in [CORE/cake/libs/controller/controller.php, line 640]
2009-06-25 18:37:49 Warning: Warning (2): Cannot modify header information - headers already sent by (output started at /var/www/cake12/cake/basics.php:312) in [CORE/cake/libs/controller/controller.php, line 640]
2009-06-25 18:38:46 Warning: Warning (2): Cannot modify header information - headers already sent by (output started at /var/www/cake12/cake/basics.php:312) in [CORE/cake/libs/controller/controller.php, line 640]
2009-06-25 18:41:40 Warning: Warning (512): <span style = "color:Red;text-align:left"><b>SQL Error:</b> 1452: Cannot add or update a child row: a foreign key constraint fails (`banco_helpdesk/chamados`, CONSTRAINT `fk_chamados.status_id` FOREIGN KEY (`status_id`) REFERENCES `status` (`id`))</span> in [CORE/cake/libs/model/datasources/dbo_source.php, line 525]
2009-06-25 18:41:40 Warning: Warning (2): Cannot modify header information - headers already sent by (output started at /var/www/cake12/cake/basics.php:312) in [CORE/cake/libs/controller/controller.php, line 640]
2009-06-25 18:42:07 Warning: Warning (512): <span style = "color:Red;text-align:left"><b>SQL Error:</b> 1452: Cannot add or update a child row: a foreign key constraint fails (`banco_helpdesk/chamados`, CONSTRAINT `fk_chamados.status_id` FOREIGN KEY (`status_id`) REFERENCES `status` (`id`))</span> in [CORE/cake/libs/model/datasources/dbo_source.php, line 525]
2009-06-25 18:42:07 Warning: Warning (2): Cannot modify header information - headers already sent by (output started at /var/www/cake12/cake/basics.php:111) in [CORE/cake/libs/controller/controller.php, line 640]
